Flow report for HC11_moc
Thu Sep 21 12:25:25 2017
Quartus II Version 9.0 Build 184 04/29/2009 Service Pack 1 SJ Web Edition


---------------------
; Table of Contents ;
---------------------
  1. Legal Notice
  2. Flow Summary
  3. Flow Settings
  4. Flow Non-Default Global Settings
  5. Flow Elapsed Time
  6. Flow OS Summary
  7. Flow Log



----------------
; Legal Notice ;
----------------
Copyright (C) 1991-2009 Altera Corporation
Your use of Altera Corporation's design tools, logic functions 
and other software and tools, and its AMPP partner logic 
functions, and any output files from any of the foregoing 
(including device programming or simulation files), and any 
associated documentation or information are expressly subject 
to the terms and conditions of the Altera Program License 
Subscription Agreement, Altera MegaCore Function License 
Agreement, or other applicable license agreement, including, 
without limitation, that your use is for the sole purpose of 
programming logic devices manufactured by Altera and sold by 
Altera or its authorized distributors.  Please refer to the 
applicable agreement for further details.



+-----------------------------------------------------------------------------------+
; Flow Summary                                                                      ;
+------------------------------------+----------------------------------------------+
; Flow Status                        ; Successful - Thu Sep 21 12:25:25 2017        ;
; Quartus II Version                 ; 9.0 Build 184 04/29/2009 SP 1 SJ Web Edition ;
; Revision Name                      ; HC11_moc                                     ;
; Top-level Entity Name              ; HC11_moc                                     ;
; Family                             ; Cyclone II                                   ;
; Device                             ; EP2C20F484C7                                 ;
; Timing Models                      ; Final                                        ;
; Met timing requirements            ; Yes                                          ;
; Total logic elements               ; 98 / 18,752 ( < 1 % )                        ;
;     Total combinational functions  ; 80 / 18,752 ( < 1 % )                        ;
;     Dedicated logic registers      ; 64 / 18,752 ( < 1 % )                        ;
; Total registers                    ; 64                                           ;
; Total pins                         ; 31 / 315 ( 10 % )                            ;
; Total virtual pins                 ; 0                                            ;
; Total memory bits                  ; 2,560 / 239,616 ( 1 % )                      ;
; Embedded Multiplier 9-bit elements ; 0 / 52 ( 0 % )                               ;
; Total PLLs                         ; 0 / 4 ( 0 % )                                ;
+------------------------------------+----------------------------------------------+


+-----------------------------------------+
; Flow Settings                           ;
+-------------------+---------------------+
; Option            ; Setting             ;
+-------------------+---------------------+
; Start date & time ; 09/21/2017 12:25:17 ;
; Main task         ; Compilation         ;
; Revision Name     ; HC11_moc            ;
+-------------------+---------------------+


+--------------------------------------------------------------------------------------------------------------------+
; Flow Non-Default Global Settings                                                                                   ;
+------------------------------------+--------------------------------+---------------+-------------+----------------+
; Assignment Name                    ; Value                          ; Default Value ; Entity Name ; Section Id     ;
+------------------------------------+--------------------------------+---------------+-------------+----------------+
; COMPILER_SIGNATURE_ID              ; 24260656721251.150596071705308 ; --            ; --          ; --             ;
; IP_TOOL_NAME                       ; LPM_ROM                        ; --            ; --          ; --             ;
; IP_TOOL_NAME                       ; LPM_ADD_SUB                    ; --            ; --          ; --             ;
; IP_TOOL_NAME                       ; LPM_ADD_SUB                    ; --            ; --          ; --             ;
; IP_TOOL_NAME                       ; LPM_FF                         ; --            ; --          ; --             ;
; IP_TOOL_NAME                       ; LPM_FF                         ; --            ; --          ; --             ;
; IP_TOOL_NAME                       ; LPM_MUX                        ; --            ; --          ; --             ;
; IP_TOOL_NAME                       ; LPM_FF                         ; --            ; --          ; --             ;
; IP_TOOL_NAME                       ; LPM_FF                         ; --            ; --          ; --             ;
; IP_TOOL_NAME                       ; LPM_FF                         ; --            ; --          ; --             ;
; IP_TOOL_NAME                       ; LPM_MUX                        ; --            ; --          ; --             ;
; IP_TOOL_NAME                       ; LPM_MUX                        ; --            ; --          ; --             ;
; IP_TOOL_VERSION                    ; 9.0                            ; --            ; --          ; --             ;
; IP_TOOL_VERSION                    ; 9.0                            ; --            ; --          ; --             ;
; IP_TOOL_VERSION                    ; 9.0                            ; --            ; --          ; --             ;
; IP_TOOL_VERSION                    ; 9.0                            ; --            ; --          ; --             ;
; IP_TOOL_VERSION                    ; 9.0                            ; --            ; --          ; --             ;
; IP_TOOL_VERSION                    ; 9.0                            ; --            ; --          ; --             ;
; IP_TOOL_VERSION                    ; 9.0                            ; --            ; --          ; --             ;
; IP_TOOL_VERSION                    ; 9.0                            ; --            ; --          ; --             ;
; IP_TOOL_VERSION                    ; 9.0                            ; --            ; --          ; --             ;
; IP_TOOL_VERSION                    ; 9.0                            ; --            ; --          ; --             ;
; IP_TOOL_VERSION                    ; 9.0                            ; --            ; --          ; --             ;
; MAX_CORE_JUNCTION_TEMP             ; 85                             ; --            ; --          ; --             ;
; MIN_CORE_JUNCTION_TEMP             ; 0                              ; --            ; --          ; --             ;
; MISC_FILE                          ; lpm_rom1.bsf                   ; --            ; --          ; --             ;
; MISC_FILE                          ; lpm_rom1.cmp                   ; --            ; --          ; --             ;
; MISC_FILE                          ; lpm_add_sub3.bsf               ; --            ; --          ; --             ;
; MISC_FILE                          ; lpm_add_sub3.cmp               ; --            ; --          ; --             ;
; MISC_FILE                          ; lpm_add_sub4.bsf               ; --            ; --          ; --             ;
; MISC_FILE                          ; lpm_add_sub4.cmp               ; --            ; --          ; --             ;
; MISC_FILE                          ; lpm_ff3.bsf                    ; --            ; --          ; --             ;
; MISC_FILE                          ; lpm_ff3.cmp                    ; --            ; --          ; --             ;
; MISC_FILE                          ; lpm_ff4.bsf                    ; --            ; --          ; --             ;
; MISC_FILE                          ; lpm_ff4.cmp                    ; --            ; --          ; --             ;
; MISC_FILE                          ; lpm_mux0.bsf                   ; --            ; --          ; --             ;
; MISC_FILE                          ; lpm_mux0.cmp                   ; --            ; --          ; --             ;
; MISC_FILE                          ; lpm_ff5.bsf                    ; --            ; --          ; --             ;
; MISC_FILE                          ; lpm_ff5.cmp                    ; --            ; --          ; --             ;
; MISC_FILE                          ; lpm_ff6.bsf                    ; --            ; --          ; --             ;
; MISC_FILE                          ; lpm_ff6.cmp                    ; --            ; --          ; --             ;
; MISC_FILE                          ; lpm_ff7.bsf                    ; --            ; --          ; --             ;
; MISC_FILE                          ; lpm_ff7.cmp                    ; --            ; --          ; --             ;
; MISC_FILE                          ; lpm_mux4.bsf                   ; --            ; --          ; --             ;
; MISC_FILE                          ; lpm_mux4.cmp                   ; --            ; --          ; --             ;
; MISC_FILE                          ; lpm_mux5.bsf                   ; --            ; --          ; --             ;
; MISC_FILE                          ; lpm_mux5.cmp                   ; --            ; --          ; --             ;
; PARTITION_COLOR                    ; 16764057                       ; --            ; --          ; Top            ;
; PARTITION_NETLIST_TYPE             ; SOURCE                         ; --            ; --          ; Top            ;
; USE_GENERATED_PHYSICAL_CONSTRAINTS ; Off                            ; --            ; --          ; eda_blast_fpga ;
+------------------------------------+--------------------------------+---------------+-------------+----------------+


+-----------------------------------------------------------------------------------------------------------------------------+
; Flow Elapsed Time                                                                                                           ;
+-------------------------+--------------+-------------------------+---------------------+------------------------------------+
; Module Name             ; Elapsed Time ; Average Processors Used ; Peak Virtual Memory ; Total CPU Time (on all processors) ;
+-------------------------+--------------+-------------------------+---------------------+------------------------------------+
; Analysis & Synthesis    ; 00:00:02     ; 1.0                     ; 251 MB              ; 00:00:02                           ;
; Fitter                  ; 00:00:03     ; 1.0                     ; 266 MB              ; 00:00:02                           ;
; Assembler               ; 00:00:01     ; 1.0                     ; 239 MB              ; 00:00:01                           ;
; Classic Timing Analyzer ; 00:00:00     ; 1.0                     ; 176 MB              ; 00:00:00                           ;
; Total                   ; 00:00:06     ; --                      ; --                  ; 00:00:05                           ;
+-------------------------+--------------+-------------------------+---------------------+------------------------------------+


+------------------------------------------------------------------------------------------+
; Flow OS Summary                                                                          ;
+-------------------------+------------------+---------------+------------+----------------+
; Module Name             ; Machine Hostname ; OS Name       ; OS Version ; Processor type ;
+-------------------------+------------------+---------------+------------+----------------+
; Analysis & Synthesis    ; CimosDirect      ; Windows Vista ; 6.2        ; x86_64         ;
; Fitter                  ; CimosDirect      ; Windows Vista ; 6.2        ; x86_64         ;
; Assembler               ; CimosDirect      ; Windows Vista ; 6.2        ; x86_64         ;
; Classic Timing Analyzer ; CimosDirect      ; Windows Vista ; 6.2        ; x86_64         ;
+-------------------------+------------------+---------------+------------+----------------+


------------
; Flow Log ;
------------
quartus_map --read_settings_files=on --write_settings_files=off HC11_moc -c HC11_moc
quartus_fit --read_settings_files=off --write_settings_files=off HC11_moc -c HC11_moc
quartus_asm --read_settings_files=off --write_settings_files=off HC11_moc -c HC11_moc
quartus_tan --read_settings_files=off --write_settings_files=off HC11_moc -c HC11_moc --timing_analysis_only



