Classic Timing Analyzer report for lab2
Thu Sep 14 11:40:36 2017
Quartus II Version 9.0 Build 184 04/29/2009 Service Pack 1 SJ Web Edition


---------------------
; Table of Contents ;
---------------------
  1. Legal Notice
  2. Timing Analyzer Summary
  3. Timing Analyzer Settings
  4. Clock Settings Summary
  5. Parallel Compilation
  6. Clock Setup: 'CLK'
  7. tsu
  8. tco
  9. tpd
 10. th
 11. Timing Analyzer Messages



----------------
; Legal Notice ;
----------------
Copyright (C) 1991-2009 Altera Corporation
Your use of Altera Corporation's design tools, logic functions 
and other software and tools, and its AMPP partner logic 
functions, and any output files from any of the foregoing 
(including device programming or simulation files), and any 
associated documentation or information are expressly subject 
to the terms and conditions of the Altera Program License 
Subscription Agreement, Altera MegaCore Function License 
Agreement, or other applicable license agreement, including, 
without limitation, that your use is for the sole purpose of 
programming logic devices manufactured by Altera and sold by 
Altera or its authorized distributors.  Please refer to the 
applicable agreement for further details.



+----------------------------------------------------------------------------------------------------------------------------------------------------------------------------------------------------------------------------------+
; Timing Analyzer Summary                                                                                                                                                                                                          ;
+------------------------------+-------+---------------+----------------------------------+------------------------------------------------+------------------------------------------------+------------+----------+--------------+
; Type                         ; Slack ; Required Time ; Actual Time                      ; From                                           ; To                                             ; From Clock ; To Clock ; Failed Paths ;
+------------------------------+-------+---------------+----------------------------------+------------------------------------------------+------------------------------------------------+------------+----------+--------------+
; Worst-case tsu               ; N/A   ; None          ; 6.941 ns                         ; LD/CNT                                         ; lpm_ff0:inst2|lpm_ff:lpm_ff_component|dffs[15] ; --         ; CLK      ; 0            ;
; Worst-case tco               ; N/A   ; None          ; 11.709 ns                        ; lpm_ff0:inst2|lpm_ff:lpm_ff_component|dffs[11] ; q[11]                                          ; CLK        ; --       ; 0            ;
; Worst-case tpd               ; N/A   ; None          ; 14.701 ns                        ; LD/CNT                                         ; q[11]                                          ; --         ; --       ; 0            ;
; Worst-case th                ; N/A   ; None          ; -4.204 ns                        ; D[0]                                           ; lpm_ff0:inst2|lpm_ff:lpm_ff_component|dffs[0]  ; --         ; CLK      ; 0            ;
; Clock Setup: 'CLK'           ; N/A   ; None          ; 269.40 MHz ( period = 3.712 ns ) ; lpm_ff0:inst2|lpm_ff:lpm_ff_component|dffs[3]  ; lpm_ff0:inst2|lpm_ff:lpm_ff_component|dffs[15] ; CLK        ; CLK      ; 0            ;
; Total number of failed paths ;       ;               ;                                  ;                                                ;                                                ;            ;          ; 0            ;
+------------------------------+-------+---------------+----------------------------------+------------------------------------------------+------------------------------------------------+------------+----------+--------------+


+--------------------------------------------------------------------------------------------------------------------+
; Timing Analyzer Settings                                                                                           ;
+---------------------------------------------------------------------+--------------------+------+----+-------------+
; Option                                                              ; Setting            ; From ; To ; Entity Name ;
+---------------------------------------------------------------------+--------------------+------+----+-------------+
; Device Name                                                         ; EP2C20F484C7       ;      ;    ;             ;
; Timing Models                                                       ; Final              ;      ;    ;             ;
; Default hold multicycle                                             ; Same as Multicycle ;      ;    ;             ;
; Cut paths between unrelated clock domains                           ; On                 ;      ;    ;             ;
; Cut off read during write signal paths                              ; On                 ;      ;    ;             ;
; Cut off feedback from I/O pins                                      ; On                 ;      ;    ;             ;
; Report Combined Fast/Slow Timing                                    ; Off                ;      ;    ;             ;
; Ignore Clock Settings                                               ; Off                ;      ;    ;             ;
; Analyze latches as synchronous elements                             ; On                 ;      ;    ;             ;
; Enable Recovery/Removal analysis                                    ; Off                ;      ;    ;             ;
; Enable Clock Latency                                                ; Off                ;      ;    ;             ;
; Use TimeQuest Timing Analyzer                                       ; Off                ;      ;    ;             ;
; Minimum Core Junction Temperature                                   ; 0                  ;      ;    ;             ;
; Maximum Core Junction Temperature                                   ; 85                 ;      ;    ;             ;
; Number of source nodes to report per destination node               ; 10                 ;      ;    ;             ;
; Number of destination nodes to report                               ; 10                 ;      ;    ;             ;
; Number of paths to report                                           ; 200                ;      ;    ;             ;
; Report Minimum Timing Checks                                        ; Off                ;      ;    ;             ;
; Use Fast Timing Models                                              ; Off                ;      ;    ;             ;
; Report IO Paths Separately                                          ; Off                ;      ;    ;             ;
; Perform Multicorner Analysis                                        ; On                 ;      ;    ;             ;
; Reports the worst-case path for each clock domain and analysis      ; Off                ;      ;    ;             ;
; Removes common clock path pessimism (CCPP) during slack computation ; Off                ;      ;    ;             ;
; Output I/O Timing Endpoint                                          ; Near End           ;      ;    ;             ;
+---------------------------------------------------------------------+--------------------+------+----+-------------+


+------------------------------------------------------------------------------------------------------------------------------------------------------------------------------------+
; Clock Settings Summary                                                                                                                                                             ;
+-----------------+--------------------+----------+------------------+---------------+--------------+----------+-----------------------+---------------------+--------+--------------+
; Clock Node Name ; Clock Setting Name ; Type     ; Fmax Requirement ; Early Latency ; Late Latency ; Based on ; Multiply Base Fmax by ; Divide Base Fmax by ; Offset ; Phase offset ;
+-----------------+--------------------+----------+------------------+---------------+--------------+----------+-----------------------+---------------------+--------+--------------+
; CLK             ;                    ; User Pin ; None             ; 0.000 ns      ; 0.000 ns     ; --       ; N/A                   ; N/A                 ; N/A    ;              ;
+-----------------+--------------------+----------+------------------+---------------+--------------+----------+-----------------------+---------------------+--------+--------------+


Parallel compilation was disabled, but you have multiple processors available. Enable parallel compilation to reduce compilation time.
+-------------------------------------+
; Parallel Compilation                ;
+----------------------------+--------+
; Processors                 ; Number ;
+----------------------------+--------+
; Number detected on machine ; 4      ;
; Maximum allowed            ; 1      ;
+----------------------------+--------+


+----------------------------------------------------------------------------------------------------------------------------------------------------------------------------------------------------------------------------------------------------------------------+
; Clock Setup: 'CLK'                                                                                                                                                                                                                                                   ;
+-------+------------------------------------------------+------------------------------------------------+------------------------------------------------+------------+----------+-----------------------------+---------------------------+-------------------------+
; Slack ; Actual fmax (period)                           ; From                                           ; To                                             ; From Clock ; To Clock ; Required Setup Relationship ; Required Longest P2P Time ; Actual Longest P2P Time ;
+-------+------------------------------------------------+------------------------------------------------+------------------------------------------------+------------+----------+-----------------------------+---------------------------+-------------------------+
; N/A   ; 269.40 MHz ( period = 3.712 ns )               ; lpm_ff0:inst2|lpm_ff:lpm_ff_component|dffs[3]  ; lpm_ff0:inst2|lpm_ff:lpm_ff_component|dffs[15] ; CLK        ; CLK      ; None                        ; None                      ; 3.473 ns                ;
; N/A   ; 273.52 MHz ( period = 3.656 ns )               ; lpm_ff0:inst2|lpm_ff:lpm_ff_component|dffs[2]  ; lpm_ff0:inst2|lpm_ff:lpm_ff_component|dffs[15] ; CLK        ; CLK      ; None                        ; None                      ; 3.417 ns                ;
; N/A   ; 275.33 MHz ( period = 3.632 ns )               ; lpm_ff0:inst2|lpm_ff:lpm_ff_component|dffs[3]  ; lpm_ff0:inst2|lpm_ff:lpm_ff_component|dffs[14] ; CLK        ; CLK      ; None                        ; None                      ; 3.393 ns                ;
; N/A   ; 279.64 MHz ( period = 3.576 ns )               ; lpm_ff0:inst2|lpm_ff:lpm_ff_component|dffs[4]  ; lpm_ff0:inst2|lpm_ff:lpm_ff_component|dffs[15] ; CLK        ; CLK      ; None                        ; None                      ; 3.337 ns                ;
; N/A   ; 279.64 MHz ( period = 3.576 ns )               ; lpm_ff0:inst2|lpm_ff:lpm_ff_component|dffs[2]  ; lpm_ff0:inst2|lpm_ff:lpm_ff_component|dffs[14] ; CLK        ; CLK      ; None                        ; None                      ; 3.337 ns                ;
; N/A   ; 281.53 MHz ( period = 3.552 ns )               ; lpm_ff0:inst2|lpm_ff:lpm_ff_component|dffs[3]  ; lpm_ff0:inst2|lpm_ff:lpm_ff_component|dffs[13] ; CLK        ; CLK      ; None                        ; None                      ; 3.313 ns                ;
; N/A   ; 282.33 MHz ( period = 3.542 ns )               ; lpm_ff0:inst2|lpm_ff:lpm_ff_component|dffs[0]  ; lpm_ff0:inst2|lpm_ff:lpm_ff_component|dffs[15] ; CLK        ; CLK      ; None                        ; None                      ; 3.302 ns                ;
; N/A   ; 286.04 MHz ( period = 3.496 ns )               ; lpm_ff0:inst2|lpm_ff:lpm_ff_component|dffs[4]  ; lpm_ff0:inst2|lpm_ff:lpm_ff_component|dffs[14] ; CLK        ; CLK      ; None                        ; None                      ; 3.257 ns                ;
; N/A   ; 286.04 MHz ( period = 3.496 ns )               ; lpm_ff0:inst2|lpm_ff:lpm_ff_component|dffs[2]  ; lpm_ff0:inst2|lpm_ff:lpm_ff_component|dffs[13] ; CLK        ; CLK      ; None                        ; None                      ; 3.257 ns                ;
; N/A   ; 288.02 MHz ( period = 3.472 ns )               ; lpm_ff0:inst2|lpm_ff:lpm_ff_component|dffs[3]  ; lpm_ff0:inst2|lpm_ff:lpm_ff_component|dffs[12] ; CLK        ; CLK      ; None                        ; None                      ; 3.233 ns                ;
; N/A   ; 288.85 MHz ( period = 3.462 ns )               ; lpm_ff0:inst2|lpm_ff:lpm_ff_component|dffs[0]  ; lpm_ff0:inst2|lpm_ff:lpm_ff_component|dffs[14] ; CLK        ; CLK      ; None                        ; None                      ; 3.222 ns                ;
; N/A   ; 292.74 MHz ( period = 3.416 ns )               ; lpm_ff0:inst2|lpm_ff:lpm_ff_component|dffs[4]  ; lpm_ff0:inst2|lpm_ff:lpm_ff_component|dffs[13] ; CLK        ; CLK      ; None                        ; None                      ; 3.177 ns                ;
; N/A   ; 292.74 MHz ( period = 3.416 ns )               ; lpm_ff0:inst2|lpm_ff:lpm_ff_component|dffs[2]  ; lpm_ff0:inst2|lpm_ff:lpm_ff_component|dffs[12] ; CLK        ; CLK      ; None                        ; None                      ; 3.177 ns                ;
; N/A   ; 293.77 MHz ( period = 3.404 ns )               ; lpm_ff0:inst2|lpm_ff:lpm_ff_component|dffs[5]  ; lpm_ff0:inst2|lpm_ff:lpm_ff_component|dffs[15] ; CLK        ; CLK      ; None                        ; None                      ; 3.165 ns                ;
; N/A   ; 294.81 MHz ( period = 3.392 ns )               ; lpm_ff0:inst2|lpm_ff:lpm_ff_component|dffs[3]  ; lpm_ff0:inst2|lpm_ff:lpm_ff_component|dffs[11] ; CLK        ; CLK      ; None                        ; None                      ; 3.153 ns                ;
; N/A   ; 295.68 MHz ( period = 3.382 ns )               ; lpm_ff0:inst2|lpm_ff:lpm_ff_component|dffs[0]  ; lpm_ff0:inst2|lpm_ff:lpm_ff_component|dffs[13] ; CLK        ; CLK      ; None                        ; None                      ; 3.142 ns                ;
; N/A   ; 297.27 MHz ( period = 3.364 ns )               ; lpm_ff0:inst2|lpm_ff:lpm_ff_component|dffs[6]  ; lpm_ff0:inst2|lpm_ff:lpm_ff_component|dffs[15] ; CLK        ; CLK      ; None                        ; None                      ; 3.125 ns                ;
; N/A   ; 299.76 MHz ( period = 3.336 ns )               ; lpm_ff0:inst2|lpm_ff:lpm_ff_component|dffs[4]  ; lpm_ff0:inst2|lpm_ff:lpm_ff_component|dffs[12] ; CLK        ; CLK      ; None                        ; None                      ; 3.097 ns                ;
; N/A   ; 299.76 MHz ( period = 3.336 ns )               ; lpm_ff0:inst2|lpm_ff:lpm_ff_component|dffs[2]  ; lpm_ff0:inst2|lpm_ff:lpm_ff_component|dffs[11] ; CLK        ; CLK      ; None                        ; None                      ; 3.097 ns                ;
; N/A   ; 300.84 MHz ( period = 3.324 ns )               ; lpm_ff0:inst2|lpm_ff:lpm_ff_component|dffs[5]  ; lpm_ff0:inst2|lpm_ff:lpm_ff_component|dffs[14] ; CLK        ; CLK      ; None                        ; None                      ; 3.085 ns                ;
; N/A   ; 301.93 MHz ( period = 3.312 ns )               ; lpm_ff0:inst2|lpm_ff:lpm_ff_component|dffs[3]  ; lpm_ff0:inst2|lpm_ff:lpm_ff_component|dffs[10] ; CLK        ; CLK      ; None                        ; None                      ; 3.073 ns                ;
; N/A   ; 302.85 MHz ( period = 3.302 ns )               ; lpm_ff0:inst2|lpm_ff:lpm_ff_component|dffs[0]  ; lpm_ff0:inst2|lpm_ff:lpm_ff_component|dffs[12] ; CLK        ; CLK      ; None                        ; None                      ; 3.062 ns                ;
; N/A   ; 304.51 MHz ( period = 3.284 ns )               ; lpm_ff0:inst2|lpm_ff:lpm_ff_component|dffs[6]  ; lpm_ff0:inst2|lpm_ff:lpm_ff_component|dffs[14] ; CLK        ; CLK      ; None                        ; None                      ; 3.045 ns                ;
; N/A   ; 304.88 MHz ( period = 3.280 ns )               ; lpm_ff0:inst2|lpm_ff:lpm_ff_component|dffs[7]  ; lpm_ff0:inst2|lpm_ff:lpm_ff_component|dffs[15] ; CLK        ; CLK      ; None                        ; None                      ; 3.041 ns                ;
; N/A   ; 307.13 MHz ( period = 3.256 ns )               ; lpm_ff0:inst2|lpm_ff:lpm_ff_component|dffs[4]  ; lpm_ff0:inst2|lpm_ff:lpm_ff_component|dffs[11] ; CLK        ; CLK      ; None                        ; None                      ; 3.017 ns                ;
; N/A   ; 307.13 MHz ( period = 3.256 ns )               ; lpm_ff0:inst2|lpm_ff:lpm_ff_component|dffs[2]  ; lpm_ff0:inst2|lpm_ff:lpm_ff_component|dffs[10] ; CLK        ; CLK      ; None                        ; None                      ; 3.017 ns                ;
; N/A   ; 307.98 MHz ( period = 3.247 ns )               ; lpm_ff0:inst2|lpm_ff:lpm_ff_component|dffs[1]  ; lpm_ff0:inst2|lpm_ff:lpm_ff_component|dffs[15] ; CLK        ; CLK      ; None                        ; None                      ; 3.008 ns                ;
; N/A   ; 308.26 MHz ( period = 3.244 ns )               ; lpm_ff0:inst2|lpm_ff:lpm_ff_component|dffs[5]  ; lpm_ff0:inst2|lpm_ff:lpm_ff_component|dffs[13] ; CLK        ; CLK      ; None                        ; None                      ; 3.005 ns                ;
; N/A   ; 309.12 MHz ( period = 3.235 ns )               ; lpm_ff0:inst2|lpm_ff:lpm_ff_component|dffs[9]  ; lpm_ff0:inst2|lpm_ff:lpm_ff_component|dffs[15] ; CLK        ; CLK      ; None                        ; None                      ; 2.996 ns                ;
; N/A   ; 309.41 MHz ( period = 3.232 ns )               ; lpm_ff0:inst2|lpm_ff:lpm_ff_component|dffs[3]  ; lpm_ff0:inst2|lpm_ff:lpm_ff_component|dffs[9]  ; CLK        ; CLK      ; None                        ; None                      ; 2.993 ns                ;
; N/A   ; 310.37 MHz ( period = 3.222 ns )               ; lpm_ff0:inst2|lpm_ff:lpm_ff_component|dffs[0]  ; lpm_ff0:inst2|lpm_ff:lpm_ff_component|dffs[11] ; CLK        ; CLK      ; None                        ; None                      ; 2.982 ns                ;
; N/A   ; 312.11 MHz ( period = 3.204 ns )               ; lpm_ff0:inst2|lpm_ff:lpm_ff_component|dffs[6]  ; lpm_ff0:inst2|lpm_ff:lpm_ff_component|dffs[13] ; CLK        ; CLK      ; None                        ; None                      ; 2.965 ns                ;
; N/A   ; 312.50 MHz ( period = 3.200 ns )               ; lpm_ff0:inst2|lpm_ff:lpm_ff_component|dffs[7]  ; lpm_ff0:inst2|lpm_ff:lpm_ff_component|dffs[14] ; CLK        ; CLK      ; None                        ; None                      ; 2.961 ns                ;
; N/A   ; 314.86 MHz ( period = 3.176 ns )               ; lpm_ff0:inst2|lpm_ff:lpm_ff_component|dffs[4]  ; lpm_ff0:inst2|lpm_ff:lpm_ff_component|dffs[10] ; CLK        ; CLK      ; None                        ; None                      ; 2.937 ns                ;
; N/A   ; 314.86 MHz ( period = 3.176 ns )               ; lpm_ff0:inst2|lpm_ff:lpm_ff_component|dffs[2]  ; lpm_ff0:inst2|lpm_ff:lpm_ff_component|dffs[9]  ; CLK        ; CLK      ; None                        ; None                      ; 2.937 ns                ;
; N/A   ; 315.76 MHz ( period = 3.167 ns )               ; lpm_ff0:inst2|lpm_ff:lpm_ff_component|dffs[1]  ; lpm_ff0:inst2|lpm_ff:lpm_ff_component|dffs[14] ; CLK        ; CLK      ; None                        ; None                      ; 2.928 ns                ;
; N/A   ; 316.06 MHz ( period = 3.164 ns )               ; lpm_ff0:inst2|lpm_ff:lpm_ff_component|dffs[12] ; lpm_ff0:inst2|lpm_ff:lpm_ff_component|dffs[15] ; CLK        ; CLK      ; None                        ; None                      ; 2.925 ns                ;
; N/A   ; 316.06 MHz ( period = 3.164 ns )               ; lpm_ff0:inst2|lpm_ff:lpm_ff_component|dffs[5]  ; lpm_ff0:inst2|lpm_ff:lpm_ff_component|dffs[12] ; CLK        ; CLK      ; None                        ; None                      ; 2.925 ns                ;
; N/A   ; 316.96 MHz ( period = 3.155 ns )               ; lpm_ff0:inst2|lpm_ff:lpm_ff_component|dffs[9]  ; lpm_ff0:inst2|lpm_ff:lpm_ff_component|dffs[14] ; CLK        ; CLK      ; None                        ; None                      ; 2.916 ns                ;
; N/A   ; 318.27 MHz ( period = 3.142 ns )               ; lpm_ff0:inst2|lpm_ff:lpm_ff_component|dffs[0]  ; lpm_ff0:inst2|lpm_ff:lpm_ff_component|dffs[10] ; CLK        ; CLK      ; None                        ; None                      ; 2.902 ns                ;
; N/A   ; 320.10 MHz ( period = 3.124 ns )               ; lpm_ff0:inst2|lpm_ff:lpm_ff_component|dffs[6]  ; lpm_ff0:inst2|lpm_ff:lpm_ff_component|dffs[12] ; CLK        ; CLK      ; None                        ; None                      ; 2.885 ns                ;
; N/A   ; 320.51 MHz ( period = 3.120 ns )               ; lpm_ff0:inst2|lpm_ff:lpm_ff_component|dffs[7]  ; lpm_ff0:inst2|lpm_ff:lpm_ff_component|dffs[13] ; CLK        ; CLK      ; None                        ; None                      ; 2.881 ns                ;
; N/A   ; 323.00 MHz ( period = 3.096 ns )               ; lpm_ff0:inst2|lpm_ff:lpm_ff_component|dffs[4]  ; lpm_ff0:inst2|lpm_ff:lpm_ff_component|dffs[9]  ; CLK        ; CLK      ; None                        ; None                      ; 2.857 ns                ;
; N/A   ; 323.94 MHz ( period = 3.087 ns )               ; lpm_ff0:inst2|lpm_ff:lpm_ff_component|dffs[1]  ; lpm_ff0:inst2|lpm_ff:lpm_ff_component|dffs[13] ; CLK        ; CLK      ; None                        ; None                      ; 2.848 ns                ;
; N/A   ; 324.25 MHz ( period = 3.084 ns )               ; lpm_ff0:inst2|lpm_ff:lpm_ff_component|dffs[12] ; lpm_ff0:inst2|lpm_ff:lpm_ff_component|dffs[14] ; CLK        ; CLK      ; None                        ; None                      ; 2.845 ns                ;
; N/A   ; 324.25 MHz ( period = 3.084 ns )               ; lpm_ff0:inst2|lpm_ff:lpm_ff_component|dffs[5]  ; lpm_ff0:inst2|lpm_ff:lpm_ff_component|dffs[11] ; CLK        ; CLK      ; None                        ; None                      ; 2.845 ns                ;
; N/A   ; 325.20 MHz ( period = 3.075 ns )               ; lpm_ff0:inst2|lpm_ff:lpm_ff_component|dffs[9]  ; lpm_ff0:inst2|lpm_ff:lpm_ff_component|dffs[13] ; CLK        ; CLK      ; None                        ; None                      ; 2.836 ns                ;
; N/A   ; 326.58 MHz ( period = 3.062 ns )               ; lpm_ff0:inst2|lpm_ff:lpm_ff_component|dffs[0]  ; lpm_ff0:inst2|lpm_ff:lpm_ff_component|dffs[9]  ; CLK        ; CLK      ; None                        ; None                      ; 2.822 ns                ;
; N/A   ; 327.01 MHz ( period = 3.058 ns )               ; lpm_ff0:inst2|lpm_ff:lpm_ff_component|dffs[3]  ; lpm_ff0:inst2|lpm_ff:lpm_ff_component|dffs[8]  ; CLK        ; CLK      ; None                        ; None                      ; 2.819 ns                ;
; N/A   ; 327.87 MHz ( period = 3.050 ns )               ; lpm_ff0:inst2|lpm_ff:lpm_ff_component|dffs[8]  ; lpm_ff0:inst2|lpm_ff:lpm_ff_component|dffs[15] ; CLK        ; CLK      ; None                        ; None                      ; 2.811 ns                ;
; N/A   ; 328.52 MHz ( period = 3.044 ns )               ; lpm_ff0:inst2|lpm_ff:lpm_ff_component|dffs[6]  ; lpm_ff0:inst2|lpm_ff:lpm_ff_component|dffs[11] ; CLK        ; CLK      ; None                        ; None                      ; 2.805 ns                ;
; N/A   ; 328.95 MHz ( period = 3.040 ns )               ; lpm_ff0:inst2|lpm_ff:lpm_ff_component|dffs[7]  ; lpm_ff0:inst2|lpm_ff:lpm_ff_component|dffs[12] ; CLK        ; CLK      ; None                        ; None                      ; 2.801 ns                ;
; N/A   ; 330.03 MHz ( period = 3.030 ns )               ; lpm_ff0:inst2|lpm_ff:lpm_ff_component|dffs[14] ; lpm_ff0:inst2|lpm_ff:lpm_ff_component|dffs[15] ; CLK        ; CLK      ; None                        ; None                      ; 2.791 ns                ;
; N/A   ; 332.56 MHz ( period = 3.007 ns )               ; lpm_ff0:inst2|lpm_ff:lpm_ff_component|dffs[1]  ; lpm_ff0:inst2|lpm_ff:lpm_ff_component|dffs[12] ; CLK        ; CLK      ; None                        ; None                      ; 2.768 ns                ;
; N/A   ; 332.89 MHz ( period = 3.004 ns )               ; lpm_ff0:inst2|lpm_ff:lpm_ff_component|dffs[12] ; lpm_ff0:inst2|lpm_ff:lpm_ff_component|dffs[13] ; CLK        ; CLK      ; None                        ; None                      ; 2.765 ns                ;
; N/A   ; 332.89 MHz ( period = 3.004 ns )               ; lpm_ff0:inst2|lpm_ff:lpm_ff_component|dffs[5]  ; lpm_ff0:inst2|lpm_ff:lpm_ff_component|dffs[10] ; CLK        ; CLK      ; None                        ; None                      ; 2.765 ns                ;
; N/A   ; 333.11 MHz ( period = 3.002 ns )               ; lpm_ff0:inst2|lpm_ff:lpm_ff_component|dffs[2]  ; lpm_ff0:inst2|lpm_ff:lpm_ff_component|dffs[8]  ; CLK        ; CLK      ; None                        ; None                      ; 2.763 ns                ;
; N/A   ; 333.89 MHz ( period = 2.995 ns )               ; lpm_ff0:inst2|lpm_ff:lpm_ff_component|dffs[9]  ; lpm_ff0:inst2|lpm_ff:lpm_ff_component|dffs[12] ; CLK        ; CLK      ; None                        ; None                      ; 2.756 ns                ;
; N/A   ; 335.80 MHz ( period = 2.978 ns )               ; lpm_ff0:inst2|lpm_ff:lpm_ff_component|dffs[11] ; lpm_ff0:inst2|lpm_ff:lpm_ff_component|dffs[15] ; CLK        ; CLK      ; None                        ; None                      ; 2.739 ns                ;
; N/A   ; 335.80 MHz ( period = 2.978 ns )               ; lpm_ff0:inst2|lpm_ff:lpm_ff_component|dffs[3]  ; lpm_ff0:inst2|lpm_ff:lpm_ff_component|dffs[7]  ; CLK        ; CLK      ; None                        ; None                      ; 2.739 ns                ;
; N/A   ; 336.70 MHz ( period = 2.970 ns )               ; lpm_ff0:inst2|lpm_ff:lpm_ff_component|dffs[8]  ; lpm_ff0:inst2|lpm_ff:lpm_ff_component|dffs[14] ; CLK        ; CLK      ; None                        ; None                      ; 2.731 ns                ;
; N/A   ; 337.38 MHz ( period = 2.964 ns )               ; lpm_ff0:inst2|lpm_ff:lpm_ff_component|dffs[6]  ; lpm_ff0:inst2|lpm_ff:lpm_ff_component|dffs[10] ; CLK        ; CLK      ; None                        ; None                      ; 2.725 ns                ;
; N/A   ; 337.84 MHz ( period = 2.960 ns )               ; lpm_ff0:inst2|lpm_ff:lpm_ff_component|dffs[7]  ; lpm_ff0:inst2|lpm_ff:lpm_ff_component|dffs[11] ; CLK        ; CLK      ; None                        ; None                      ; 2.721 ns                ;
; N/A   ; 341.65 MHz ( period = 2.927 ns )               ; lpm_ff0:inst2|lpm_ff:lpm_ff_component|dffs[1]  ; lpm_ff0:inst2|lpm_ff:lpm_ff_component|dffs[11] ; CLK        ; CLK      ; None                        ; None                      ; 2.688 ns                ;
; N/A   ; 342.00 MHz ( period = 2.924 ns )               ; lpm_ff0:inst2|lpm_ff:lpm_ff_component|dffs[5]  ; lpm_ff0:inst2|lpm_ff:lpm_ff_component|dffs[9]  ; CLK        ; CLK      ; None                        ; None                      ; 2.685 ns                ;
; N/A   ; 342.23 MHz ( period = 2.922 ns )               ; lpm_ff0:inst2|lpm_ff:lpm_ff_component|dffs[10] ; lpm_ff0:inst2|lpm_ff:lpm_ff_component|dffs[15] ; CLK        ; CLK      ; None                        ; None                      ; 2.683 ns                ;
; N/A   ; 342.23 MHz ( period = 2.922 ns )               ; lpm_ff0:inst2|lpm_ff:lpm_ff_component|dffs[4]  ; lpm_ff0:inst2|lpm_ff:lpm_ff_component|dffs[8]  ; CLK        ; CLK      ; None                        ; None                      ; 2.683 ns                ;
; N/A   ; 342.23 MHz ( period = 2.922 ns )               ; lpm_ff0:inst2|lpm_ff:lpm_ff_component|dffs[2]  ; lpm_ff0:inst2|lpm_ff:lpm_ff_component|dffs[7]  ; CLK        ; CLK      ; None                        ; None                      ; 2.683 ns                ;
; N/A   ; 343.05 MHz ( period = 2.915 ns )               ; lpm_ff0:inst2|lpm_ff:lpm_ff_component|dffs[9]  ; lpm_ff0:inst2|lpm_ff:lpm_ff_component|dffs[11] ; CLK        ; CLK      ; None                        ; None                      ; 2.676 ns                ;
; N/A   ; 345.07 MHz ( period = 2.898 ns )               ; lpm_ff0:inst2|lpm_ff:lpm_ff_component|dffs[11] ; lpm_ff0:inst2|lpm_ff:lpm_ff_component|dffs[14] ; CLK        ; CLK      ; None                        ; None                      ; 2.659 ns                ;
; N/A   ; 345.07 MHz ( period = 2.898 ns )               ; lpm_ff0:inst2|lpm_ff:lpm_ff_component|dffs[3]  ; lpm_ff0:inst2|lpm_ff:lpm_ff_component|dffs[6]  ; CLK        ; CLK      ; None                        ; None                      ; 2.659 ns                ;
; N/A   ; 346.02 MHz ( period = 2.890 ns )               ; lpm_ff0:inst2|lpm_ff:lpm_ff_component|dffs[8]  ; lpm_ff0:inst2|lpm_ff:lpm_ff_component|dffs[13] ; CLK        ; CLK      ; None                        ; None                      ; 2.651 ns                ;
; N/A   ; 346.26 MHz ( period = 2.888 ns )               ; lpm_ff0:inst2|lpm_ff:lpm_ff_component|dffs[0]  ; lpm_ff0:inst2|lpm_ff:lpm_ff_component|dffs[8]  ; CLK        ; CLK      ; None                        ; None                      ; 2.648 ns                ;
; N/A   ; 346.74 MHz ( period = 2.884 ns )               ; lpm_ff0:inst2|lpm_ff:lpm_ff_component|dffs[6]  ; lpm_ff0:inst2|lpm_ff:lpm_ff_component|dffs[9]  ; CLK        ; CLK      ; None                        ; None                      ; 2.645 ns                ;
; N/A   ; 347.22 MHz ( period = 2.880 ns )               ; lpm_ff0:inst2|lpm_ff:lpm_ff_component|dffs[7]  ; lpm_ff0:inst2|lpm_ff:lpm_ff_component|dffs[10] ; CLK        ; CLK      ; None                        ; None                      ; 2.641 ns                ;
; N/A   ; 351.25 MHz ( period = 2.847 ns )               ; lpm_ff0:inst2|lpm_ff:lpm_ff_component|dffs[1]  ; lpm_ff0:inst2|lpm_ff:lpm_ff_component|dffs[10] ; CLK        ; CLK      ; None                        ; None                      ; 2.608 ns                ;
; N/A   ; 351.86 MHz ( period = 2.842 ns )               ; lpm_ff0:inst2|lpm_ff:lpm_ff_component|dffs[10] ; lpm_ff0:inst2|lpm_ff:lpm_ff_component|dffs[14] ; CLK        ; CLK      ; None                        ; None                      ; 2.603 ns                ;
; N/A   ; 351.86 MHz ( period = 2.842 ns )               ; lpm_ff0:inst2|lpm_ff:lpm_ff_component|dffs[4]  ; lpm_ff0:inst2|lpm_ff:lpm_ff_component|dffs[7]  ; CLK        ; CLK      ; None                        ; None                      ; 2.603 ns                ;
; N/A   ; 351.86 MHz ( period = 2.842 ns )               ; lpm_ff0:inst2|lpm_ff:lpm_ff_component|dffs[2]  ; lpm_ff0:inst2|lpm_ff:lpm_ff_component|dffs[6]  ; CLK        ; CLK      ; None                        ; None                      ; 2.603 ns                ;
; N/A   ; 352.73 MHz ( period = 2.835 ns )               ; lpm_ff0:inst2|lpm_ff:lpm_ff_component|dffs[9]  ; lpm_ff0:inst2|lpm_ff:lpm_ff_component|dffs[10] ; CLK        ; CLK      ; None                        ; None                      ; 2.596 ns                ;
; N/A   ; 354.86 MHz ( period = 2.818 ns )               ; lpm_ff0:inst2|lpm_ff:lpm_ff_component|dffs[11] ; lpm_ff0:inst2|lpm_ff:lpm_ff_component|dffs[13] ; CLK        ; CLK      ; None                        ; None                      ; 2.579 ns                ;
; N/A   ; 354.86 MHz ( period = 2.818 ns )               ; lpm_ff0:inst2|lpm_ff:lpm_ff_component|dffs[3]  ; lpm_ff0:inst2|lpm_ff:lpm_ff_component|dffs[5]  ; CLK        ; CLK      ; None                        ; None                      ; 2.579 ns                ;
; N/A   ; 355.87 MHz ( period = 2.810 ns )               ; lpm_ff0:inst2|lpm_ff:lpm_ff_component|dffs[8]  ; lpm_ff0:inst2|lpm_ff:lpm_ff_component|dffs[12] ; CLK        ; CLK      ; None                        ; None                      ; 2.571 ns                ;
; N/A   ; 356.13 MHz ( period = 2.808 ns )               ; lpm_ff0:inst2|lpm_ff:lpm_ff_component|dffs[0]  ; lpm_ff0:inst2|lpm_ff:lpm_ff_component|dffs[7]  ; CLK        ; CLK      ; None                        ; None                      ; 2.568 ns                ;
; N/A   ; 357.14 MHz ( period = 2.800 ns )               ; lpm_ff0:inst2|lpm_ff:lpm_ff_component|dffs[7]  ; lpm_ff0:inst2|lpm_ff:lpm_ff_component|dffs[9]  ; CLK        ; CLK      ; None                        ; None                      ; 2.561 ns                ;
; N/A   ; 361.40 MHz ( period = 2.767 ns )               ; lpm_ff0:inst2|lpm_ff:lpm_ff_component|dffs[1]  ; lpm_ff0:inst2|lpm_ff:lpm_ff_component|dffs[9]  ; CLK        ; CLK      ; None                        ; None                      ; 2.528 ns                ;
; N/A   ; 362.06 MHz ( period = 2.762 ns )               ; lpm_ff0:inst2|lpm_ff:lpm_ff_component|dffs[10] ; lpm_ff0:inst2|lpm_ff:lpm_ff_component|dffs[13] ; CLK        ; CLK      ; None                        ; None                      ; 2.523 ns                ;
; N/A   ; 362.06 MHz ( period = 2.762 ns )               ; lpm_ff0:inst2|lpm_ff:lpm_ff_component|dffs[4]  ; lpm_ff0:inst2|lpm_ff:lpm_ff_component|dffs[6]  ; CLK        ; CLK      ; None                        ; None                      ; 2.523 ns                ;
; N/A   ; 362.06 MHz ( period = 2.762 ns )               ; lpm_ff0:inst2|lpm_ff:lpm_ff_component|dffs[2]  ; lpm_ff0:inst2|lpm_ff:lpm_ff_component|dffs[5]  ; CLK        ; CLK      ; None                        ; None                      ; 2.523 ns                ;
; N/A   ; 363.64 MHz ( period = 2.750 ns )               ; lpm_ff0:inst2|lpm_ff:lpm_ff_component|dffs[5]  ; lpm_ff0:inst2|lpm_ff:lpm_ff_component|dffs[8]  ; CLK        ; CLK      ; None                        ; None                      ; 2.511 ns                ;
; N/A   ; 365.23 MHz ( period = 2.738 ns )               ; lpm_ff0:inst2|lpm_ff:lpm_ff_component|dffs[11] ; lpm_ff0:inst2|lpm_ff:lpm_ff_component|dffs[12] ; CLK        ; CLK      ; None                        ; None                      ; 2.499 ns                ;
; N/A   ; 365.23 MHz ( period = 2.738 ns )               ; lpm_ff0:inst2|lpm_ff:lpm_ff_component|dffs[3]  ; lpm_ff0:inst2|lpm_ff:lpm_ff_component|dffs[4]  ; CLK        ; CLK      ; None                        ; None                      ; 2.499 ns                ;
; N/A   ; 366.30 MHz ( period = 2.730 ns )               ; lpm_ff0:inst2|lpm_ff:lpm_ff_component|dffs[8]  ; lpm_ff0:inst2|lpm_ff:lpm_ff_component|dffs[11] ; CLK        ; CLK      ; None                        ; None                      ; 2.491 ns                ;
; N/A   ; 366.57 MHz ( period = 2.728 ns )               ; lpm_ff0:inst2|lpm_ff:lpm_ff_component|dffs[0]  ; lpm_ff0:inst2|lpm_ff:lpm_ff_component|dffs[6]  ; CLK        ; CLK      ; None                        ; None                      ; 2.488 ns                ;
; N/A   ; 367.11 MHz ( period = 2.724 ns )               ; lpm_ff0:inst2|lpm_ff:lpm_ff_component|dffs[13] ; lpm_ff0:inst2|lpm_ff:lpm_ff_component|dffs[15] ; CLK        ; CLK      ; None                        ; None                      ; 2.485 ns                ;
; N/A   ; 369.00 MHz ( period = 2.710 ns )               ; lpm_ff0:inst2|lpm_ff:lpm_ff_component|dffs[6]  ; lpm_ff0:inst2|lpm_ff:lpm_ff_component|dffs[8]  ; CLK        ; CLK      ; None                        ; None                      ; 2.471 ns                ;
; N/A   ; 372.86 MHz ( period = 2.682 ns )               ; lpm_ff0:inst2|lpm_ff:lpm_ff_component|dffs[10] ; lpm_ff0:inst2|lpm_ff:lpm_ff_component|dffs[12] ; CLK        ; CLK      ; None                        ; None                      ; 2.443 ns                ;
; N/A   ; 372.86 MHz ( period = 2.682 ns )               ; lpm_ff0:inst2|lpm_ff:lpm_ff_component|dffs[4]  ; lpm_ff0:inst2|lpm_ff:lpm_ff_component|dffs[5]  ; CLK        ; CLK      ; None                        ; None                      ; 2.443 ns                ;
; N/A   ; 372.86 MHz ( period = 2.682 ns )               ; lpm_ff0:inst2|lpm_ff:lpm_ff_component|dffs[2]  ; lpm_ff0:inst2|lpm_ff:lpm_ff_component|dffs[4]  ; CLK        ; CLK      ; None                        ; None                      ; 2.443 ns                ;
; N/A   ; 374.53 MHz ( period = 2.670 ns )               ; lpm_ff0:inst2|lpm_ff:lpm_ff_component|dffs[5]  ; lpm_ff0:inst2|lpm_ff:lpm_ff_component|dffs[7]  ; CLK        ; CLK      ; None                        ; None                      ; 2.431 ns                ;
; N/A   ; 377.36 MHz ( period = 2.650 ns )               ; lpm_ff0:inst2|lpm_ff:lpm_ff_component|dffs[8]  ; lpm_ff0:inst2|lpm_ff:lpm_ff_component|dffs[10] ; CLK        ; CLK      ; None                        ; None                      ; 2.411 ns                ;
; N/A   ; 377.64 MHz ( period = 2.648 ns )               ; lpm_ff0:inst2|lpm_ff:lpm_ff_component|dffs[0]  ; lpm_ff0:inst2|lpm_ff:lpm_ff_component|dffs[5]  ; CLK        ; CLK      ; None                        ; None                      ; 2.408 ns                ;
; N/A   ; 378.21 MHz ( period = 2.644 ns )               ; lpm_ff0:inst2|lpm_ff:lpm_ff_component|dffs[13] ; lpm_ff0:inst2|lpm_ff:lpm_ff_component|dffs[14] ; CLK        ; CLK      ; None                        ; None                      ; 2.405 ns                ;
; N/A   ; Restricted to 380.08 MHz ( period = 2.631 ns ) ; lpm_ff0:inst2|lpm_ff:lpm_ff_component|dffs[6]  ; lpm_ff0:inst2|lpm_ff:lpm_ff_component|dffs[7]  ; CLK        ; CLK      ; None                        ; None                      ; 2.391 ns                ;
; N/A   ; Restricted to 380.08 MHz ( period = 2.631 ns ) ; lpm_ff0:inst2|lpm_ff:lpm_ff_component|dffs[7]  ; lpm_ff0:inst2|lpm_ff:lpm_ff_component|dffs[8]  ; CLK        ; CLK      ; None                        ; None                      ; 2.387 ns                ;
; N/A   ; Restricted to 380.08 MHz ( period = 2.631 ns ) ; lpm_ff0:inst2|lpm_ff:lpm_ff_component|dffs[10] ; lpm_ff0:inst2|lpm_ff:lpm_ff_component|dffs[11] ; CLK        ; CLK      ; None                        ; None                      ; 2.363 ns                ;
; N/A   ; Restricted to 380.08 MHz ( period = 2.631 ns ) ; lpm_ff0:inst2|lpm_ff:lpm_ff_component|dffs[2]  ; lpm_ff0:inst2|lpm_ff:lpm_ff_component|dffs[3]  ; CLK        ; CLK      ; None                        ; None                      ; 2.363 ns                ;
; N/A   ; Restricted to 380.08 MHz ( period = 2.631 ns ) ; lpm_ff0:inst2|lpm_ff:lpm_ff_component|dffs[14] ; lpm_ff0:inst2|lpm_ff:lpm_ff_component|dffs[14] ; CLK        ; CLK      ; None                        ; None                      ; 2.358 ns                ;
; N/A   ; Restricted to 380.08 MHz ( period = 2.631 ns ) ; lpm_ff0:inst2|lpm_ff:lpm_ff_component|dffs[1]  ; lpm_ff0:inst2|lpm_ff:lpm_ff_component|dffs[8]  ; CLK        ; CLK      ; None                        ; None                      ; 2.354 ns                ;
; N/A   ; Restricted to 380.08 MHz ( period = 2.631 ns ) ; lpm_ff0:inst2|lpm_ff:lpm_ff_component|dffs[5]  ; lpm_ff0:inst2|lpm_ff:lpm_ff_component|dffs[6]  ; CLK        ; CLK      ; None                        ; None                      ; 2.351 ns                ;
; N/A   ; Restricted to 380.08 MHz ( period = 2.631 ns ) ; lpm_ff0:inst2|lpm_ff:lpm_ff_component|dffs[12] ; lpm_ff0:inst2|lpm_ff:lpm_ff_component|dffs[12] ; CLK        ; CLK      ; None                        ; None                      ; 2.333 ns                ;
; N/A   ; Restricted to 380.08 MHz ( period = 2.631 ns ) ; lpm_ff0:inst2|lpm_ff:lpm_ff_component|dffs[8]  ; lpm_ff0:inst2|lpm_ff:lpm_ff_component|dffs[9]  ; CLK        ; CLK      ; None                        ; None                      ; 2.331 ns                ;
; N/A   ; Restricted to 380.08 MHz ( period = 2.631 ns ) ; lpm_ff0:inst2|lpm_ff:lpm_ff_component|dffs[0]  ; lpm_ff0:inst2|lpm_ff:lpm_ff_component|dffs[4]  ; CLK        ; CLK      ; None                        ; None                      ; 2.328 ns                ;
; N/A   ; Restricted to 380.08 MHz ( period = 2.631 ns ) ; lpm_ff0:inst2|lpm_ff:lpm_ff_component|dffs[1]  ; lpm_ff0:inst2|lpm_ff:lpm_ff_component|dffs[7]  ; CLK        ; CLK      ; None                        ; None                      ; 2.274 ns                ;
; N/A   ; Restricted to 380.08 MHz ( period = 2.631 ns ) ; lpm_ff0:inst2|lpm_ff:lpm_ff_component|dffs[0]  ; lpm_ff0:inst2|lpm_ff:lpm_ff_component|dffs[3]  ; CLK        ; CLK      ; None                        ; None                      ; 2.248 ns                ;
; N/A   ; Restricted to 380.08 MHz ( period = 2.631 ns ) ; lpm_ff0:inst2|lpm_ff:lpm_ff_component|dffs[1]  ; lpm_ff0:inst2|lpm_ff:lpm_ff_component|dffs[6]  ; CLK        ; CLK      ; None                        ; None                      ; 2.194 ns                ;
; N/A   ; Restricted to 380.08 MHz ( period = 2.631 ns ) ; lpm_ff0:inst2|lpm_ff:lpm_ff_component|dffs[0]  ; lpm_ff0:inst2|lpm_ff:lpm_ff_component|dffs[2]  ; CLK        ; CLK      ; None                        ; None                      ; 2.168 ns                ;
; N/A   ; Restricted to 380.08 MHz ( period = 2.631 ns ) ; lpm_ff0:inst2|lpm_ff:lpm_ff_component|dffs[9]  ; lpm_ff0:inst2|lpm_ff:lpm_ff_component|dffs[9]  ; CLK        ; CLK      ; None                        ; None                      ; 2.164 ns                ;
; N/A   ; Restricted to 380.08 MHz ( period = 2.631 ns ) ; lpm_ff0:inst2|lpm_ff:lpm_ff_component|dffs[1]  ; lpm_ff0:inst2|lpm_ff:lpm_ff_component|dffs[5]  ; CLK        ; CLK      ; None                        ; None                      ; 2.114 ns                ;
; N/A   ; Restricted to 380.08 MHz ( period = 2.631 ns ) ; lpm_ff0:inst2|lpm_ff:lpm_ff_component|dffs[11] ; lpm_ff0:inst2|lpm_ff:lpm_ff_component|dffs[11] ; CLK        ; CLK      ; None                        ; None                      ; 2.067 ns                ;
; N/A   ; Restricted to 380.08 MHz ( period = 2.631 ns ) ; lpm_ff0:inst2|lpm_ff:lpm_ff_component|dffs[3]  ; lpm_ff0:inst2|lpm_ff:lpm_ff_component|dffs[3]  ; CLK        ; CLK      ; None                        ; None                      ; 2.067 ns                ;
; N/A   ; Restricted to 380.08 MHz ( period = 2.631 ns ) ; lpm_ff0:inst2|lpm_ff:lpm_ff_component|dffs[1]  ; lpm_ff0:inst2|lpm_ff:lpm_ff_component|dffs[4]  ; CLK        ; CLK      ; None                        ; None                      ; 2.034 ns                ;
; N/A   ; Restricted to 380.08 MHz ( period = 2.631 ns ) ; lpm_ff0:inst2|lpm_ff:lpm_ff_component|dffs[4]  ; lpm_ff0:inst2|lpm_ff:lpm_ff_component|dffs[4]  ; CLK        ; CLK      ; None                        ; None                      ; 2.011 ns                ;
; N/A   ; Restricted to 380.08 MHz ( period = 2.631 ns ) ; lpm_ff0:inst2|lpm_ff:lpm_ff_component|dffs[13] ; lpm_ff0:inst2|lpm_ff:lpm_ff_component|dffs[13] ; CLK        ; CLK      ; None                        ; None                      ; 1.972 ns                ;
; N/A   ; Restricted to 380.08 MHz ( period = 2.631 ns ) ; lpm_ff0:inst2|lpm_ff:lpm_ff_component|dffs[6]  ; lpm_ff0:inst2|lpm_ff:lpm_ff_component|dffs[6]  ; CLK        ; CLK      ; None                        ; None                      ; 1.958 ns                ;
; N/A   ; Restricted to 380.08 MHz ( period = 2.631 ns ) ; lpm_ff0:inst2|lpm_ff:lpm_ff_component|dffs[7]  ; lpm_ff0:inst2|lpm_ff:lpm_ff_component|dffs[7]  ; CLK        ; CLK      ; None                        ; None                      ; 1.954 ns                ;
; N/A   ; Restricted to 380.08 MHz ( period = 2.631 ns ) ; lpm_ff0:inst2|lpm_ff:lpm_ff_component|dffs[1]  ; lpm_ff0:inst2|lpm_ff:lpm_ff_component|dffs[3]  ; CLK        ; CLK      ; None                        ; None                      ; 1.954 ns                ;
; N/A   ; Restricted to 380.08 MHz ( period = 2.631 ns ) ; lpm_ff0:inst2|lpm_ff:lpm_ff_component|dffs[10] ; lpm_ff0:inst2|lpm_ff:lpm_ff_component|dffs[10] ; CLK        ; CLK      ; None                        ; None                      ; 1.931 ns                ;
; N/A   ; Restricted to 380.08 MHz ( period = 2.631 ns ) ; lpm_ff0:inst2|lpm_ff:lpm_ff_component|dffs[2]  ; lpm_ff0:inst2|lpm_ff:lpm_ff_component|dffs[2]  ; CLK        ; CLK      ; None                        ; None                      ; 1.931 ns                ;
; N/A   ; Restricted to 380.08 MHz ( period = 2.631 ns ) ; lpm_ff0:inst2|lpm_ff:lpm_ff_component|dffs[5]  ; lpm_ff0:inst2|lpm_ff:lpm_ff_component|dffs[5]  ; CLK        ; CLK      ; None                        ; None                      ; 1.919 ns                ;
; N/A   ; Restricted to 380.08 MHz ( period = 2.631 ns ) ; lpm_ff0:inst2|lpm_ff:lpm_ff_component|dffs[15] ; lpm_ff0:inst2|lpm_ff:lpm_ff_component|dffs[15] ; CLK        ; CLK      ; None                        ; None                      ; 1.918 ns                ;
; N/A   ; Restricted to 380.08 MHz ( period = 2.631 ns ) ; lpm_ff0:inst2|lpm_ff:lpm_ff_component|dffs[1]  ; lpm_ff0:inst2|lpm_ff:lpm_ff_component|dffs[2]  ; CLK        ; CLK      ; None                        ; None                      ; 1.874 ns                ;
; N/A   ; Restricted to 380.08 MHz ( period = 2.631 ns ) ; lpm_ff0:inst2|lpm_ff:lpm_ff_component|dffs[8]  ; lpm_ff0:inst2|lpm_ff:lpm_ff_component|dffs[8]  ; CLK        ; CLK      ; None                        ; None                      ; 1.798 ns                ;
; N/A   ; Restricted to 380.08 MHz ( period = 2.631 ns ) ; lpm_ff0:inst2|lpm_ff:lpm_ff_component|dffs[0]  ; lpm_ff0:inst2|lpm_ff:lpm_ff_component|dffs[1]  ; CLK        ; CLK      ; None                        ; None                      ; 1.737 ns                ;
; N/A   ; Restricted to 380.08 MHz ( period = 2.631 ns ) ; lpm_ff0:inst2|lpm_ff:lpm_ff_component|dffs[1]  ; lpm_ff0:inst2|lpm_ff:lpm_ff_component|dffs[1]  ; CLK        ; CLK      ; None                        ; None                      ; 1.442 ns                ;
; N/A   ; Restricted to 380.08 MHz ( period = 2.631 ns ) ; lpm_ff0:inst2|lpm_ff:lpm_ff_component|dffs[0]  ; lpm_ff0:inst2|lpm_ff:lpm_ff_component|dffs[0]  ; CLK        ; CLK      ; None                        ; None                      ; 1.111 ns                ;
+-------+------------------------------------------------+------------------------------------------------+------------------------------------------------+------------+----------+-----------------------------+---------------------------+-------------------------+


+--------------------------------------------------------------------------------------------------------+
; tsu                                                                                                    ;
+-------+--------------+------------+--------+------------------------------------------------+----------+
; Slack ; Required tsu ; Actual tsu ; From   ; To                                             ; To Clock ;
+-------+--------------+------------+--------+------------------------------------------------+----------+
; N/A   ; None         ; 6.941 ns   ; LD/CNT ; lpm_ff0:inst2|lpm_ff:lpm_ff_component|dffs[15] ; CLK      ;
; N/A   ; None         ; 6.861 ns   ; LD/CNT ; lpm_ff0:inst2|lpm_ff:lpm_ff_component|dffs[14] ; CLK      ;
; N/A   ; None         ; 6.781 ns   ; LD/CNT ; lpm_ff0:inst2|lpm_ff:lpm_ff_component|dffs[13] ; CLK      ;
; N/A   ; None         ; 6.701 ns   ; LD/CNT ; lpm_ff0:inst2|lpm_ff:lpm_ff_component|dffs[12] ; CLK      ;
; N/A   ; None         ; 6.644 ns   ; D[0]   ; lpm_ff0:inst2|lpm_ff:lpm_ff_component|dffs[15] ; CLK      ;
; N/A   ; None         ; 6.621 ns   ; LD/CNT ; lpm_ff0:inst2|lpm_ff:lpm_ff_component|dffs[11] ; CLK      ;
; N/A   ; None         ; 6.612 ns   ; D[2]   ; lpm_ff0:inst2|lpm_ff:lpm_ff_component|dffs[15] ; CLK      ;
; N/A   ; None         ; 6.564 ns   ; D[0]   ; lpm_ff0:inst2|lpm_ff:lpm_ff_component|dffs[14] ; CLK      ;
; N/A   ; None         ; 6.554 ns   ; D[3]   ; lpm_ff0:inst2|lpm_ff:lpm_ff_component|dffs[15] ; CLK      ;
; N/A   ; None         ; 6.541 ns   ; LD/CNT ; lpm_ff0:inst2|lpm_ff:lpm_ff_component|dffs[10] ; CLK      ;
; N/A   ; None         ; 6.532 ns   ; D[2]   ; lpm_ff0:inst2|lpm_ff:lpm_ff_component|dffs[14] ; CLK      ;
; N/A   ; None         ; 6.484 ns   ; D[0]   ; lpm_ff0:inst2|lpm_ff:lpm_ff_component|dffs[13] ; CLK      ;
; N/A   ; None         ; 6.474 ns   ; D[3]   ; lpm_ff0:inst2|lpm_ff:lpm_ff_component|dffs[14] ; CLK      ;
; N/A   ; None         ; 6.461 ns   ; LD/CNT ; lpm_ff0:inst2|lpm_ff:lpm_ff_component|dffs[9]  ; CLK      ;
; N/A   ; None         ; 6.452 ns   ; D[2]   ; lpm_ff0:inst2|lpm_ff:lpm_ff_component|dffs[13] ; CLK      ;
; N/A   ; None         ; 6.404 ns   ; D[0]   ; lpm_ff0:inst2|lpm_ff:lpm_ff_component|dffs[12] ; CLK      ;
; N/A   ; None         ; 6.394 ns   ; D[3]   ; lpm_ff0:inst2|lpm_ff:lpm_ff_component|dffs[13] ; CLK      ;
; N/A   ; None         ; 6.372 ns   ; D[2]   ; lpm_ff0:inst2|lpm_ff:lpm_ff_component|dffs[12] ; CLK      ;
; N/A   ; None         ; 6.355 ns   ; D[4]   ; lpm_ff0:inst2|lpm_ff:lpm_ff_component|dffs[15] ; CLK      ;
; N/A   ; None         ; 6.324 ns   ; D[0]   ; lpm_ff0:inst2|lpm_ff:lpm_ff_component|dffs[11] ; CLK      ;
; N/A   ; None         ; 6.314 ns   ; D[3]   ; lpm_ff0:inst2|lpm_ff:lpm_ff_component|dffs[12] ; CLK      ;
; N/A   ; None         ; 6.292 ns   ; D[2]   ; lpm_ff0:inst2|lpm_ff:lpm_ff_component|dffs[11] ; CLK      ;
; N/A   ; None         ; 6.287 ns   ; LD/CNT ; lpm_ff0:inst2|lpm_ff:lpm_ff_component|dffs[8]  ; CLK      ;
; N/A   ; None         ; 6.275 ns   ; D[4]   ; lpm_ff0:inst2|lpm_ff:lpm_ff_component|dffs[14] ; CLK      ;
; N/A   ; None         ; 6.244 ns   ; D[0]   ; lpm_ff0:inst2|lpm_ff:lpm_ff_component|dffs[10] ; CLK      ;
; N/A   ; None         ; 6.234 ns   ; D[1]   ; lpm_ff0:inst2|lpm_ff:lpm_ff_component|dffs[15] ; CLK      ;
; N/A   ; None         ; 6.234 ns   ; D[3]   ; lpm_ff0:inst2|lpm_ff:lpm_ff_component|dffs[11] ; CLK      ;
; N/A   ; None         ; 6.212 ns   ; D[2]   ; lpm_ff0:inst2|lpm_ff:lpm_ff_component|dffs[10] ; CLK      ;
; N/A   ; None         ; 6.208 ns   ; D[9]   ; lpm_ff0:inst2|lpm_ff:lpm_ff_component|dffs[15] ; CLK      ;
; N/A   ; None         ; 6.207 ns   ; LD/CNT ; lpm_ff0:inst2|lpm_ff:lpm_ff_component|dffs[7]  ; CLK      ;
; N/A   ; None         ; 6.195 ns   ; D[4]   ; lpm_ff0:inst2|lpm_ff:lpm_ff_component|dffs[13] ; CLK      ;
; N/A   ; None         ; 6.192 ns   ; D[13]  ; lpm_ff0:inst2|lpm_ff:lpm_ff_component|dffs[15] ; CLK      ;
; N/A   ; None         ; 6.164 ns   ; D[0]   ; lpm_ff0:inst2|lpm_ff:lpm_ff_component|dffs[9]  ; CLK      ;
; N/A   ; None         ; 6.159 ns   ; D[5]   ; lpm_ff0:inst2|lpm_ff:lpm_ff_component|dffs[15] ; CLK      ;
; N/A   ; None         ; 6.154 ns   ; D[1]   ; lpm_ff0:inst2|lpm_ff:lpm_ff_component|dffs[14] ; CLK      ;
; N/A   ; None         ; 6.154 ns   ; D[3]   ; lpm_ff0:inst2|lpm_ff:lpm_ff_component|dffs[10] ; CLK      ;
; N/A   ; None         ; 6.132 ns   ; D[2]   ; lpm_ff0:inst2|lpm_ff:lpm_ff_component|dffs[9]  ; CLK      ;
; N/A   ; None         ; 6.128 ns   ; D[9]   ; lpm_ff0:inst2|lpm_ff:lpm_ff_component|dffs[14] ; CLK      ;
; N/A   ; None         ; 6.127 ns   ; LD/CNT ; lpm_ff0:inst2|lpm_ff:lpm_ff_component|dffs[6]  ; CLK      ;
; N/A   ; None         ; 6.115 ns   ; D[4]   ; lpm_ff0:inst2|lpm_ff:lpm_ff_component|dffs[12] ; CLK      ;
; N/A   ; None         ; 6.112 ns   ; D[13]  ; lpm_ff0:inst2|lpm_ff:lpm_ff_component|dffs[14] ; CLK      ;
; N/A   ; None         ; 6.094 ns   ; D[6]   ; lpm_ff0:inst2|lpm_ff:lpm_ff_component|dffs[15] ; CLK      ;
; N/A   ; None         ; 6.079 ns   ; D[5]   ; lpm_ff0:inst2|lpm_ff:lpm_ff_component|dffs[14] ; CLK      ;
; N/A   ; None         ; 6.074 ns   ; D[1]   ; lpm_ff0:inst2|lpm_ff:lpm_ff_component|dffs[13] ; CLK      ;
; N/A   ; None         ; 6.074 ns   ; D[3]   ; lpm_ff0:inst2|lpm_ff:lpm_ff_component|dffs[9]  ; CLK      ;
; N/A   ; None         ; 6.071 ns   ; D[8]   ; lpm_ff0:inst2|lpm_ff:lpm_ff_component|dffs[15] ; CLK      ;
; N/A   ; None         ; 6.050 ns   ; D[7]   ; lpm_ff0:inst2|lpm_ff:lpm_ff_component|dffs[15] ; CLK      ;
; N/A   ; None         ; 6.048 ns   ; D[9]   ; lpm_ff0:inst2|lpm_ff:lpm_ff_component|dffs[13] ; CLK      ;
; N/A   ; None         ; 6.047 ns   ; LD/CNT ; lpm_ff0:inst2|lpm_ff:lpm_ff_component|dffs[5]  ; CLK      ;
; N/A   ; None         ; 6.035 ns   ; D[4]   ; lpm_ff0:inst2|lpm_ff:lpm_ff_component|dffs[11] ; CLK      ;
; N/A   ; None         ; 6.014 ns   ; D[6]   ; lpm_ff0:inst2|lpm_ff:lpm_ff_component|dffs[14] ; CLK      ;
; N/A   ; None         ; 5.999 ns   ; D[5]   ; lpm_ff0:inst2|lpm_ff:lpm_ff_component|dffs[13] ; CLK      ;
; N/A   ; None         ; 5.994 ns   ; D[1]   ; lpm_ff0:inst2|lpm_ff:lpm_ff_component|dffs[12] ; CLK      ;
; N/A   ; None         ; 5.991 ns   ; D[8]   ; lpm_ff0:inst2|lpm_ff:lpm_ff_component|dffs[14] ; CLK      ;
; N/A   ; None         ; 5.990 ns   ; D[0]   ; lpm_ff0:inst2|lpm_ff:lpm_ff_component|dffs[8]  ; CLK      ;
; N/A   ; None         ; 5.970 ns   ; D[7]   ; lpm_ff0:inst2|lpm_ff:lpm_ff_component|dffs[14] ; CLK      ;
; N/A   ; None         ; 5.968 ns   ; D[9]   ; lpm_ff0:inst2|lpm_ff:lpm_ff_component|dffs[12] ; CLK      ;
; N/A   ; None         ; 5.967 ns   ; LD/CNT ; lpm_ff0:inst2|lpm_ff:lpm_ff_component|dffs[4]  ; CLK      ;
; N/A   ; None         ; 5.958 ns   ; D[2]   ; lpm_ff0:inst2|lpm_ff:lpm_ff_component|dffs[8]  ; CLK      ;
; N/A   ; None         ; 5.955 ns   ; D[4]   ; lpm_ff0:inst2|lpm_ff:lpm_ff_component|dffs[10] ; CLK      ;
; N/A   ; None         ; 5.934 ns   ; D[6]   ; lpm_ff0:inst2|lpm_ff:lpm_ff_component|dffs[13] ; CLK      ;
; N/A   ; None         ; 5.919 ns   ; D[5]   ; lpm_ff0:inst2|lpm_ff:lpm_ff_component|dffs[12] ; CLK      ;
; N/A   ; None         ; 5.914 ns   ; D[1]   ; lpm_ff0:inst2|lpm_ff:lpm_ff_component|dffs[11] ; CLK      ;
; N/A   ; None         ; 5.911 ns   ; D[8]   ; lpm_ff0:inst2|lpm_ff:lpm_ff_component|dffs[13] ; CLK      ;
; N/A   ; None         ; 5.910 ns   ; D[0]   ; lpm_ff0:inst2|lpm_ff:lpm_ff_component|dffs[7]  ; CLK      ;
; N/A   ; None         ; 5.900 ns   ; D[3]   ; lpm_ff0:inst2|lpm_ff:lpm_ff_component|dffs[8]  ; CLK      ;
; N/A   ; None         ; 5.890 ns   ; D[7]   ; lpm_ff0:inst2|lpm_ff:lpm_ff_component|dffs[13] ; CLK      ;
; N/A   ; None         ; 5.888 ns   ; D[9]   ; lpm_ff0:inst2|lpm_ff:lpm_ff_component|dffs[11] ; CLK      ;
; N/A   ; None         ; 5.887 ns   ; LD/CNT ; lpm_ff0:inst2|lpm_ff:lpm_ff_component|dffs[3]  ; CLK      ;
; N/A   ; None         ; 5.878 ns   ; D[2]   ; lpm_ff0:inst2|lpm_ff:lpm_ff_component|dffs[7]  ; CLK      ;
; N/A   ; None         ; 5.875 ns   ; D[4]   ; lpm_ff0:inst2|lpm_ff:lpm_ff_component|dffs[9]  ; CLK      ;
; N/A   ; None         ; 5.854 ns   ; D[6]   ; lpm_ff0:inst2|lpm_ff:lpm_ff_component|dffs[12] ; CLK      ;
; N/A   ; None         ; 5.839 ns   ; D[5]   ; lpm_ff0:inst2|lpm_ff:lpm_ff_component|dffs[11] ; CLK      ;
; N/A   ; None         ; 5.834 ns   ; D[1]   ; lpm_ff0:inst2|lpm_ff:lpm_ff_component|dffs[10] ; CLK      ;
; N/A   ; None         ; 5.831 ns   ; D[8]   ; lpm_ff0:inst2|lpm_ff:lpm_ff_component|dffs[12] ; CLK      ;
; N/A   ; None         ; 5.830 ns   ; D[0]   ; lpm_ff0:inst2|lpm_ff:lpm_ff_component|dffs[6]  ; CLK      ;
; N/A   ; None         ; 5.820 ns   ; D[3]   ; lpm_ff0:inst2|lpm_ff:lpm_ff_component|dffs[7]  ; CLK      ;
; N/A   ; None         ; 5.810 ns   ; D[7]   ; lpm_ff0:inst2|lpm_ff:lpm_ff_component|dffs[12] ; CLK      ;
; N/A   ; None         ; 5.808 ns   ; D[9]   ; lpm_ff0:inst2|lpm_ff:lpm_ff_component|dffs[10] ; CLK      ;
; N/A   ; None         ; 5.807 ns   ; LD/CNT ; lpm_ff0:inst2|lpm_ff:lpm_ff_component|dffs[2]  ; CLK      ;
; N/A   ; None         ; 5.798 ns   ; D[2]   ; lpm_ff0:inst2|lpm_ff:lpm_ff_component|dffs[6]  ; CLK      ;
; N/A   ; None         ; 5.780 ns   ; D[11]  ; lpm_ff0:inst2|lpm_ff:lpm_ff_component|dffs[15] ; CLK      ;
; N/A   ; None         ; 5.774 ns   ; D[6]   ; lpm_ff0:inst2|lpm_ff:lpm_ff_component|dffs[11] ; CLK      ;
; N/A   ; None         ; 5.759 ns   ; D[5]   ; lpm_ff0:inst2|lpm_ff:lpm_ff_component|dffs[10] ; CLK      ;
; N/A   ; None         ; 5.754 ns   ; D[1]   ; lpm_ff0:inst2|lpm_ff:lpm_ff_component|dffs[9]  ; CLK      ;
; N/A   ; None         ; 5.751 ns   ; D[8]   ; lpm_ff0:inst2|lpm_ff:lpm_ff_component|dffs[11] ; CLK      ;
; N/A   ; None         ; 5.750 ns   ; D[0]   ; lpm_ff0:inst2|lpm_ff:lpm_ff_component|dffs[5]  ; CLK      ;
; N/A   ; None         ; 5.740 ns   ; D[3]   ; lpm_ff0:inst2|lpm_ff:lpm_ff_component|dffs[6]  ; CLK      ;
; N/A   ; None         ; 5.730 ns   ; D[7]   ; lpm_ff0:inst2|lpm_ff:lpm_ff_component|dffs[11] ; CLK      ;
; N/A   ; None         ; 5.718 ns   ; D[2]   ; lpm_ff0:inst2|lpm_ff:lpm_ff_component|dffs[5]  ; CLK      ;
; N/A   ; None         ; 5.701 ns   ; D[4]   ; lpm_ff0:inst2|lpm_ff:lpm_ff_component|dffs[8]  ; CLK      ;
; N/A   ; None         ; 5.700 ns   ; D[11]  ; lpm_ff0:inst2|lpm_ff:lpm_ff_component|dffs[14] ; CLK      ;
; N/A   ; None         ; 5.694 ns   ; D[6]   ; lpm_ff0:inst2|lpm_ff:lpm_ff_component|dffs[10] ; CLK      ;
; N/A   ; None         ; 5.679 ns   ; D[5]   ; lpm_ff0:inst2|lpm_ff:lpm_ff_component|dffs[9]  ; CLK      ;
; N/A   ; None         ; 5.679 ns   ; D[13]  ; lpm_ff0:inst2|lpm_ff:lpm_ff_component|dffs[13] ; CLK      ;
; N/A   ; None         ; 5.676 ns   ; D[10]  ; lpm_ff0:inst2|lpm_ff:lpm_ff_component|dffs[15] ; CLK      ;
; N/A   ; None         ; 5.671 ns   ; D[8]   ; lpm_ff0:inst2|lpm_ff:lpm_ff_component|dffs[10] ; CLK      ;
; N/A   ; None         ; 5.670 ns   ; D[0]   ; lpm_ff0:inst2|lpm_ff:lpm_ff_component|dffs[4]  ; CLK      ;
; N/A   ; None         ; 5.660 ns   ; D[3]   ; lpm_ff0:inst2|lpm_ff:lpm_ff_component|dffs[5]  ; CLK      ;
; N/A   ; None         ; 5.650 ns   ; D[7]   ; lpm_ff0:inst2|lpm_ff:lpm_ff_component|dffs[10] ; CLK      ;
; N/A   ; None         ; 5.638 ns   ; D[2]   ; lpm_ff0:inst2|lpm_ff:lpm_ff_component|dffs[4]  ; CLK      ;
; N/A   ; None         ; 5.621 ns   ; D[4]   ; lpm_ff0:inst2|lpm_ff:lpm_ff_component|dffs[7]  ; CLK      ;
; N/A   ; None         ; 5.620 ns   ; D[11]  ; lpm_ff0:inst2|lpm_ff:lpm_ff_component|dffs[13] ; CLK      ;
; N/A   ; None         ; 5.614 ns   ; D[6]   ; lpm_ff0:inst2|lpm_ff:lpm_ff_component|dffs[9]  ; CLK      ;
; N/A   ; None         ; 5.596 ns   ; D[10]  ; lpm_ff0:inst2|lpm_ff:lpm_ff_component|dffs[14] ; CLK      ;
; N/A   ; None         ; 5.591 ns   ; D[8]   ; lpm_ff0:inst2|lpm_ff:lpm_ff_component|dffs[9]  ; CLK      ;
; N/A   ; None         ; 5.590 ns   ; D[0]   ; lpm_ff0:inst2|lpm_ff:lpm_ff_component|dffs[3]  ; CLK      ;
; N/A   ; None         ; 5.580 ns   ; D[1]   ; lpm_ff0:inst2|lpm_ff:lpm_ff_component|dffs[8]  ; CLK      ;
; N/A   ; None         ; 5.580 ns   ; D[3]   ; lpm_ff0:inst2|lpm_ff:lpm_ff_component|dffs[4]  ; CLK      ;
; N/A   ; None         ; 5.570 ns   ; D[7]   ; lpm_ff0:inst2|lpm_ff:lpm_ff_component|dffs[9]  ; CLK      ;
; N/A   ; None         ; 5.558 ns   ; D[2]   ; lpm_ff0:inst2|lpm_ff:lpm_ff_component|dffs[3]  ; CLK      ;
; N/A   ; None         ; 5.541 ns   ; D[4]   ; lpm_ff0:inst2|lpm_ff:lpm_ff_component|dffs[6]  ; CLK      ;
; N/A   ; None         ; 5.540 ns   ; D[11]  ; lpm_ff0:inst2|lpm_ff:lpm_ff_component|dffs[12] ; CLK      ;
; N/A   ; None         ; 5.516 ns   ; D[10]  ; lpm_ff0:inst2|lpm_ff:lpm_ff_component|dffs[13] ; CLK      ;
; N/A   ; None         ; 5.510 ns   ; D[0]   ; lpm_ff0:inst2|lpm_ff:lpm_ff_component|dffs[2]  ; CLK      ;
; N/A   ; None         ; 5.505 ns   ; D[5]   ; lpm_ff0:inst2|lpm_ff:lpm_ff_component|dffs[8]  ; CLK      ;
; N/A   ; None         ; 5.500 ns   ; D[1]   ; lpm_ff0:inst2|lpm_ff:lpm_ff_component|dffs[7]  ; CLK      ;
; N/A   ; None         ; 5.461 ns   ; D[4]   ; lpm_ff0:inst2|lpm_ff:lpm_ff_component|dffs[5]  ; CLK      ;
; N/A   ; None         ; 5.440 ns   ; D[6]   ; lpm_ff0:inst2|lpm_ff:lpm_ff_component|dffs[8]  ; CLK      ;
; N/A   ; None         ; 5.436 ns   ; D[10]  ; lpm_ff0:inst2|lpm_ff:lpm_ff_component|dffs[12] ; CLK      ;
; N/A   ; None         ; 5.425 ns   ; D[5]   ; lpm_ff0:inst2|lpm_ff:lpm_ff_component|dffs[7]  ; CLK      ;
; N/A   ; None         ; 5.420 ns   ; D[1]   ; lpm_ff0:inst2|lpm_ff:lpm_ff_component|dffs[6]  ; CLK      ;
; N/A   ; None         ; 5.396 ns   ; D[7]   ; lpm_ff0:inst2|lpm_ff:lpm_ff_component|dffs[8]  ; CLK      ;
; N/A   ; None         ; 5.385 ns   ; D[12]  ; lpm_ff0:inst2|lpm_ff:lpm_ff_component|dffs[15] ; CLK      ;
; N/A   ; None         ; 5.376 ns   ; D[9]   ; lpm_ff0:inst2|lpm_ff:lpm_ff_component|dffs[9]  ; CLK      ;
; N/A   ; None         ; 5.376 ns   ; LD/CNT ; lpm_ff0:inst2|lpm_ff:lpm_ff_component|dffs[1]  ; CLK      ;
; N/A   ; None         ; 5.360 ns   ; D[6]   ; lpm_ff0:inst2|lpm_ff:lpm_ff_component|dffs[7]  ; CLK      ;
; N/A   ; None         ; 5.356 ns   ; D[10]  ; lpm_ff0:inst2|lpm_ff:lpm_ff_component|dffs[11] ; CLK      ;
; N/A   ; None         ; 5.345 ns   ; D[5]   ; lpm_ff0:inst2|lpm_ff:lpm_ff_component|dffs[6]  ; CLK      ;
; N/A   ; None         ; 5.340 ns   ; D[1]   ; lpm_ff0:inst2|lpm_ff:lpm_ff_component|dffs[5]  ; CLK      ;
; N/A   ; None         ; 5.305 ns   ; D[12]  ; lpm_ff0:inst2|lpm_ff:lpm_ff_component|dffs[14] ; CLK      ;
; N/A   ; None         ; 5.260 ns   ; D[1]   ; lpm_ff0:inst2|lpm_ff:lpm_ff_component|dffs[4]  ; CLK      ;
; N/A   ; None         ; 5.240 ns   ; D[14]  ; lpm_ff0:inst2|lpm_ff:lpm_ff_component|dffs[15] ; CLK      ;
; N/A   ; None         ; 5.225 ns   ; D[12]  ; lpm_ff0:inst2|lpm_ff:lpm_ff_component|dffs[13] ; CLK      ;
; N/A   ; None         ; 5.180 ns   ; D[1]   ; lpm_ff0:inst2|lpm_ff:lpm_ff_component|dffs[3]  ; CLK      ;
; N/A   ; None         ; 5.148 ns   ; D[3]   ; lpm_ff0:inst2|lpm_ff:lpm_ff_component|dffs[3]  ; CLK      ;
; N/A   ; None         ; 5.126 ns   ; D[2]   ; lpm_ff0:inst2|lpm_ff:lpm_ff_component|dffs[2]  ; CLK      ;
; N/A   ; None         ; 5.108 ns   ; D[11]  ; lpm_ff0:inst2|lpm_ff:lpm_ff_component|dffs[11] ; CLK      ;
; N/A   ; None         ; 5.100 ns   ; D[1]   ; lpm_ff0:inst2|lpm_ff:lpm_ff_component|dffs[2]  ; CLK      ;
; N/A   ; None         ; 5.079 ns   ; D[0]   ; lpm_ff0:inst2|lpm_ff:lpm_ff_component|dffs[1]  ; CLK      ;
; N/A   ; None         ; 5.058 ns   ; D[8]   ; lpm_ff0:inst2|lpm_ff:lpm_ff_component|dffs[8]  ; CLK      ;
; N/A   ; None         ; 5.029 ns   ; D[4]   ; lpm_ff0:inst2|lpm_ff:lpm_ff_component|dffs[4]  ; CLK      ;
; N/A   ; None         ; 4.963 ns   ; D[7]   ; lpm_ff0:inst2|lpm_ff:lpm_ff_component|dffs[7]  ; CLK      ;
; N/A   ; None         ; 4.927 ns   ; D[6]   ; lpm_ff0:inst2|lpm_ff:lpm_ff_component|dffs[6]  ; CLK      ;
; N/A   ; None         ; 4.924 ns   ; D[10]  ; lpm_ff0:inst2|lpm_ff:lpm_ff_component|dffs[10] ; CLK      ;
; N/A   ; None         ; 4.913 ns   ; D[5]   ; lpm_ff0:inst2|lpm_ff:lpm_ff_component|dffs[5]  ; CLK      ;
; N/A   ; None         ; 4.807 ns   ; D[14]  ; lpm_ff0:inst2|lpm_ff:lpm_ff_component|dffs[14] ; CLK      ;
; N/A   ; None         ; 4.793 ns   ; D[12]  ; lpm_ff0:inst2|lpm_ff:lpm_ff_component|dffs[12] ; CLK      ;
; N/A   ; None         ; 4.749 ns   ; LD/CNT ; lpm_ff0:inst2|lpm_ff:lpm_ff_component|dffs[0]  ; CLK      ;
; N/A   ; None         ; 4.668 ns   ; D[1]   ; lpm_ff0:inst2|lpm_ff:lpm_ff_component|dffs[1]  ; CLK      ;
; N/A   ; None         ; 4.581 ns   ; D[15]  ; lpm_ff0:inst2|lpm_ff:lpm_ff_component|dffs[15] ; CLK      ;
; N/A   ; None         ; 4.452 ns   ; D[0]   ; lpm_ff0:inst2|lpm_ff:lpm_ff_component|dffs[0]  ; CLK      ;
+-------+--------------+------------+--------+------------------------------------------------+----------+


+---------------------------------------------------------------------------------------------------------+
; tco                                                                                                     ;
+-------+--------------+------------+------------------------------------------------+-------+------------+
; Slack ; Required tco ; Actual tco ; From                                           ; To    ; From Clock ;
+-------+--------------+------------+------------------------------------------------+-------+------------+
; N/A   ; None         ; 11.709 ns  ; lpm_ff0:inst2|lpm_ff:lpm_ff_component|dffs[11] ; q[11] ; CLK        ;
; N/A   ; None         ; 11.101 ns  ; lpm_ff0:inst2|lpm_ff:lpm_ff_component|dffs[14] ; q[14] ; CLK        ;
; N/A   ; None         ; 11.071 ns  ; lpm_ff0:inst2|lpm_ff:lpm_ff_component|dffs[2]  ; q[2]  ; CLK        ;
; N/A   ; None         ; 11.011 ns  ; lpm_ff0:inst2|lpm_ff:lpm_ff_component|dffs[10] ; q[10] ; CLK        ;
; N/A   ; None         ; 10.738 ns  ; lpm_ff0:inst2|lpm_ff:lpm_ff_component|dffs[4]  ; q[4]  ; CLK        ;
; N/A   ; None         ; 10.612 ns  ; lpm_ff0:inst2|lpm_ff:lpm_ff_component|dffs[6]  ; q[6]  ; CLK        ;
; N/A   ; None         ; 10.601 ns  ; lpm_ff0:inst2|lpm_ff:lpm_ff_component|dffs[9]  ; q[9]  ; CLK        ;
; N/A   ; None         ; 10.588 ns  ; lpm_ff0:inst2|lpm_ff:lpm_ff_component|dffs[1]  ; q[1]  ; CLK        ;
; N/A   ; None         ; 9.702 ns   ; lpm_ff0:inst2|lpm_ff:lpm_ff_component|dffs[15] ; q[15] ; CLK        ;
; N/A   ; None         ; 9.085 ns   ; lpm_ff0:inst2|lpm_ff:lpm_ff_component|dffs[7]  ; q[7]  ; CLK        ;
; N/A   ; None         ; 8.358 ns   ; lpm_ff0:inst2|lpm_ff:lpm_ff_component|dffs[0]  ; q[0]  ; CLK        ;
; N/A   ; None         ; 8.302 ns   ; lpm_ff0:inst2|lpm_ff:lpm_ff_component|dffs[13] ; q[13] ; CLK        ;
; N/A   ; None         ; 8.023 ns   ; lpm_ff0:inst2|lpm_ff:lpm_ff_component|dffs[5]  ; q[5]  ; CLK        ;
; N/A   ; None         ; 8.007 ns   ; lpm_ff0:inst2|lpm_ff:lpm_ff_component|dffs[3]  ; q[3]  ; CLK        ;
; N/A   ; None         ; 7.996 ns   ; lpm_ff0:inst2|lpm_ff:lpm_ff_component|dffs[8]  ; q[8]  ; CLK        ;
; N/A   ; None         ; 7.893 ns   ; lpm_ff0:inst2|lpm_ff:lpm_ff_component|dffs[12] ; q[12] ; CLK        ;
+-------+--------------+------------+------------------------------------------------+-------+------------+


+--------------------------------------------------------------+
; tpd                                                          ;
+-------+-------------------+-----------------+--------+-------+
; Slack ; Required P2P Time ; Actual P2P Time ; From   ; To    ;
+-------+-------------------+-----------------+--------+-------+
; N/A   ; None              ; 14.701 ns       ; LD/CNT ; q[11] ;
; N/A   ; None              ; 14.511 ns       ; D[11]  ; q[11] ;
; N/A   ; None              ; 14.242 ns       ; LD/CNT ; q[2]  ;
; N/A   ; None              ; 14.177 ns       ; LD/CNT ; q[10] ;
; N/A   ; None              ; 14.056 ns       ; LD/CNT ; q[1]  ;
; N/A   ; None              ; 14.027 ns       ; D[2]   ; q[2]  ;
; N/A   ; None              ; 13.792 ns       ; LD/CNT ; q[9]  ;
; N/A   ; None              ; 13.784 ns       ; LD/CNT ; q[6]  ;
; N/A   ; None              ; 13.765 ns       ; D[10]  ; q[10] ;
; N/A   ; None              ; 13.733 ns       ; LD/CNT ; q[4]  ;
; N/A   ; None              ; 13.575 ns       ; D[1]   ; q[1]  ;
; N/A   ; None              ; 13.574 ns       ; D[9]   ; q[9]  ;
; N/A   ; None              ; 13.517 ns       ; D[4]   ; q[4]  ;
; N/A   ; None              ; 13.475 ns       ; LD/CNT ; q[14] ;
; N/A   ; None              ; 13.342 ns       ; D[6]   ; q[6]  ;
; N/A   ; None              ; 13.311 ns       ; D[14]  ; q[14] ;
; N/A   ; None              ; 12.265 ns       ; LD/CNT ; q[7]  ;
; N/A   ; None              ; 12.147 ns       ; LD/CNT ; q[15] ;
; N/A   ; None              ; 12.126 ns       ; D[15]  ; q[15] ;
; N/A   ; None              ; 11.855 ns       ; D[7]   ; q[7]  ;
; N/A   ; None              ; 11.770 ns       ; D[13]  ; q[13] ;
; N/A   ; None              ; 11.757 ns       ; LD/CNT ; q[0]  ;
; N/A   ; None              ; 11.460 ns       ; D[0]   ; q[0]  ;
; N/A   ; None              ; 11.456 ns       ; LD/CNT ; q[13] ;
; N/A   ; None              ; 11.230 ns       ; LD/CNT ; q[8]  ;
; N/A   ; None              ; 11.194 ns       ; LD/CNT ; q[5]  ;
; N/A   ; None              ; 11.017 ns       ; D[8]   ; q[8]  ;
; N/A   ; None              ; 10.849 ns       ; D[3]   ; q[3]  ;
; N/A   ; None              ; 10.778 ns       ; D[5]   ; q[5]  ;
; N/A   ; None              ; 10.632 ns       ; LD/CNT ; q[3]  ;
; N/A   ; None              ; 10.267 ns       ; LD/CNT ; q[12] ;
; N/A   ; None              ; 10.114 ns       ; D[12]  ; q[12] ;
+-------+-------------------+-----------------+--------+-------+


+--------------------------------------------------------------------------------------------------------------+
; th                                                                                                           ;
+---------------+-------------+-----------+--------+------------------------------------------------+----------+
; Minimum Slack ; Required th ; Actual th ; From   ; To                                             ; To Clock ;
+---------------+-------------+-----------+--------+------------------------------------------------+----------+
; N/A           ; None        ; -4.204 ns ; D[0]   ; lpm_ff0:inst2|lpm_ff:lpm_ff_component|dffs[0]  ; CLK      ;
; N/A           ; None        ; -4.333 ns ; D[15]  ; lpm_ff0:inst2|lpm_ff:lpm_ff_component|dffs[15] ; CLK      ;
; N/A           ; None        ; -4.354 ns ; LD/CNT ; lpm_ff0:inst2|lpm_ff:lpm_ff_component|dffs[15] ; CLK      ;
; N/A           ; None        ; -4.420 ns ; D[1]   ; lpm_ff0:inst2|lpm_ff:lpm_ff_component|dffs[1]  ; CLK      ;
; N/A           ; None        ; -4.501 ns ; LD/CNT ; lpm_ff0:inst2|lpm_ff:lpm_ff_component|dffs[0]  ; CLK      ;
; N/A           ; None        ; -4.545 ns ; D[12]  ; lpm_ff0:inst2|lpm_ff:lpm_ff_component|dffs[12] ; CLK      ;
; N/A           ; None        ; -4.559 ns ; D[14]  ; lpm_ff0:inst2|lpm_ff:lpm_ff_component|dffs[14] ; CLK      ;
; N/A           ; None        ; -4.665 ns ; D[5]   ; lpm_ff0:inst2|lpm_ff:lpm_ff_component|dffs[5]  ; CLK      ;
; N/A           ; None        ; -4.676 ns ; D[10]  ; lpm_ff0:inst2|lpm_ff:lpm_ff_component|dffs[10] ; CLK      ;
; N/A           ; None        ; -4.679 ns ; D[6]   ; lpm_ff0:inst2|lpm_ff:lpm_ff_component|dffs[6]  ; CLK      ;
; N/A           ; None        ; -4.683 ns ; LD/CNT ; lpm_ff0:inst2|lpm_ff:lpm_ff_component|dffs[3]  ; CLK      ;
; N/A           ; None        ; -4.698 ns ; LD/CNT ; lpm_ff0:inst2|lpm_ff:lpm_ff_component|dffs[12] ; CLK      ;
; N/A           ; None        ; -4.715 ns ; D[7]   ; lpm_ff0:inst2|lpm_ff:lpm_ff_component|dffs[7]  ; CLK      ;
; N/A           ; None        ; -4.723 ns ; LD/CNT ; lpm_ff0:inst2|lpm_ff:lpm_ff_component|dffs[14] ; CLK      ;
; N/A           ; None        ; -4.781 ns ; D[4]   ; lpm_ff0:inst2|lpm_ff:lpm_ff_component|dffs[4]  ; CLK      ;
; N/A           ; None        ; -4.810 ns ; D[8]   ; lpm_ff0:inst2|lpm_ff:lpm_ff_component|dffs[8]  ; CLK      ;
; N/A           ; None        ; -4.831 ns ; D[0]   ; lpm_ff0:inst2|lpm_ff:lpm_ff_component|dffs[1]  ; CLK      ;
; N/A           ; None        ; -4.852 ns ; D[1]   ; lpm_ff0:inst2|lpm_ff:lpm_ff_component|dffs[2]  ; CLK      ;
; N/A           ; None        ; -4.860 ns ; D[11]  ; lpm_ff0:inst2|lpm_ff:lpm_ff_component|dffs[11] ; CLK      ;
; N/A           ; None        ; -4.878 ns ; D[2]   ; lpm_ff0:inst2|lpm_ff:lpm_ff_component|dffs[2]  ; CLK      ;
; N/A           ; None        ; -4.900 ns ; D[3]   ; lpm_ff0:inst2|lpm_ff:lpm_ff_component|dffs[3]  ; CLK      ;
; N/A           ; None        ; -4.901 ns ; LD/CNT ; lpm_ff0:inst2|lpm_ff:lpm_ff_component|dffs[1]  ; CLK      ;
; N/A           ; None        ; -4.932 ns ; D[1]   ; lpm_ff0:inst2|lpm_ff:lpm_ff_component|dffs[3]  ; CLK      ;
; N/A           ; None        ; -4.977 ns ; D[12]  ; lpm_ff0:inst2|lpm_ff:lpm_ff_component|dffs[13] ; CLK      ;
; N/A           ; None        ; -4.992 ns ; D[14]  ; lpm_ff0:inst2|lpm_ff:lpm_ff_component|dffs[15] ; CLK      ;
; N/A           ; None        ; -4.997 ns ; LD/CNT ; lpm_ff0:inst2|lpm_ff:lpm_ff_component|dffs[4]  ; CLK      ;
; N/A           ; None        ; -5.012 ns ; D[1]   ; lpm_ff0:inst2|lpm_ff:lpm_ff_component|dffs[4]  ; CLK      ;
; N/A           ; None        ; -5.023 ns ; LD/CNT ; lpm_ff0:inst2|lpm_ff:lpm_ff_component|dffs[8]  ; CLK      ;
; N/A           ; None        ; -5.050 ns ; LD/CNT ; lpm_ff0:inst2|lpm_ff:lpm_ff_component|dffs[11] ; CLK      ;
; N/A           ; None        ; -5.057 ns ; D[12]  ; lpm_ff0:inst2|lpm_ff:lpm_ff_component|dffs[14] ; CLK      ;
; N/A           ; None        ; -5.081 ns ; LD/CNT ; lpm_ff0:inst2|lpm_ff:lpm_ff_component|dffs[5]  ; CLK      ;
; N/A           ; None        ; -5.088 ns ; LD/CNT ; lpm_ff0:inst2|lpm_ff:lpm_ff_component|dffs[10] ; CLK      ;
; N/A           ; None        ; -5.092 ns ; D[1]   ; lpm_ff0:inst2|lpm_ff:lpm_ff_component|dffs[5]  ; CLK      ;
; N/A           ; None        ; -5.093 ns ; LD/CNT ; lpm_ff0:inst2|lpm_ff:lpm_ff_component|dffs[2]  ; CLK      ;
; N/A           ; None        ; -5.097 ns ; D[5]   ; lpm_ff0:inst2|lpm_ff:lpm_ff_component|dffs[6]  ; CLK      ;
; N/A           ; None        ; -5.108 ns ; D[10]  ; lpm_ff0:inst2|lpm_ff:lpm_ff_component|dffs[11] ; CLK      ;
; N/A           ; None        ; -5.112 ns ; D[6]   ; lpm_ff0:inst2|lpm_ff:lpm_ff_component|dffs[7]  ; CLK      ;
; N/A           ; None        ; -5.117 ns ; LD/CNT ; lpm_ff0:inst2|lpm_ff:lpm_ff_component|dffs[13] ; CLK      ;
; N/A           ; None        ; -5.121 ns ; LD/CNT ; lpm_ff0:inst2|lpm_ff:lpm_ff_component|dffs[6]  ; CLK      ;
; N/A           ; None        ; -5.125 ns ; LD/CNT ; lpm_ff0:inst2|lpm_ff:lpm_ff_component|dffs[7]  ; CLK      ;
; N/A           ; None        ; -5.128 ns ; D[9]   ; lpm_ff0:inst2|lpm_ff:lpm_ff_component|dffs[9]  ; CLK      ;
; N/A           ; None        ; -5.137 ns ; D[12]  ; lpm_ff0:inst2|lpm_ff:lpm_ff_component|dffs[15] ; CLK      ;
; N/A           ; None        ; -5.148 ns ; D[7]   ; lpm_ff0:inst2|lpm_ff:lpm_ff_component|dffs[8]  ; CLK      ;
; N/A           ; None        ; -5.172 ns ; D[1]   ; lpm_ff0:inst2|lpm_ff:lpm_ff_component|dffs[6]  ; CLK      ;
; N/A           ; None        ; -5.177 ns ; D[5]   ; lpm_ff0:inst2|lpm_ff:lpm_ff_component|dffs[7]  ; CLK      ;
; N/A           ; None        ; -5.188 ns ; D[10]  ; lpm_ff0:inst2|lpm_ff:lpm_ff_component|dffs[12] ; CLK      ;
; N/A           ; None        ; -5.192 ns ; D[6]   ; lpm_ff0:inst2|lpm_ff:lpm_ff_component|dffs[8]  ; CLK      ;
; N/A           ; None        ; -5.213 ns ; D[4]   ; lpm_ff0:inst2|lpm_ff:lpm_ff_component|dffs[5]  ; CLK      ;
; N/A           ; None        ; -5.252 ns ; D[1]   ; lpm_ff0:inst2|lpm_ff:lpm_ff_component|dffs[7]  ; CLK      ;
; N/A           ; None        ; -5.257 ns ; D[5]   ; lpm_ff0:inst2|lpm_ff:lpm_ff_component|dffs[8]  ; CLK      ;
; N/A           ; None        ; -5.262 ns ; D[0]   ; lpm_ff0:inst2|lpm_ff:lpm_ff_component|dffs[2]  ; CLK      ;
; N/A           ; None        ; -5.268 ns ; D[10]  ; lpm_ff0:inst2|lpm_ff:lpm_ff_component|dffs[13] ; CLK      ;
; N/A           ; None        ; -5.292 ns ; D[11]  ; lpm_ff0:inst2|lpm_ff:lpm_ff_component|dffs[12] ; CLK      ;
; N/A           ; None        ; -5.293 ns ; D[4]   ; lpm_ff0:inst2|lpm_ff:lpm_ff_component|dffs[6]  ; CLK      ;
; N/A           ; None        ; -5.310 ns ; D[2]   ; lpm_ff0:inst2|lpm_ff:lpm_ff_component|dffs[3]  ; CLK      ;
; N/A           ; None        ; -5.322 ns ; D[7]   ; lpm_ff0:inst2|lpm_ff:lpm_ff_component|dffs[9]  ; CLK      ;
; N/A           ; None        ; -5.332 ns ; D[1]   ; lpm_ff0:inst2|lpm_ff:lpm_ff_component|dffs[8]  ; CLK      ;
; N/A           ; None        ; -5.332 ns ; D[3]   ; lpm_ff0:inst2|lpm_ff:lpm_ff_component|dffs[4]  ; CLK      ;
; N/A           ; None        ; -5.342 ns ; D[0]   ; lpm_ff0:inst2|lpm_ff:lpm_ff_component|dffs[3]  ; CLK      ;
; N/A           ; None        ; -5.343 ns ; D[8]   ; lpm_ff0:inst2|lpm_ff:lpm_ff_component|dffs[9]  ; CLK      ;
; N/A           ; None        ; -5.346 ns ; LD/CNT ; lpm_ff0:inst2|lpm_ff:lpm_ff_component|dffs[9]  ; CLK      ;
; N/A           ; None        ; -5.348 ns ; D[10]  ; lpm_ff0:inst2|lpm_ff:lpm_ff_component|dffs[14] ; CLK      ;
; N/A           ; None        ; -5.366 ns ; D[6]   ; lpm_ff0:inst2|lpm_ff:lpm_ff_component|dffs[9]  ; CLK      ;
; N/A           ; None        ; -5.372 ns ; D[11]  ; lpm_ff0:inst2|lpm_ff:lpm_ff_component|dffs[13] ; CLK      ;
; N/A           ; None        ; -5.373 ns ; D[4]   ; lpm_ff0:inst2|lpm_ff:lpm_ff_component|dffs[7]  ; CLK      ;
; N/A           ; None        ; -5.390 ns ; D[2]   ; lpm_ff0:inst2|lpm_ff:lpm_ff_component|dffs[4]  ; CLK      ;
; N/A           ; None        ; -5.402 ns ; D[7]   ; lpm_ff0:inst2|lpm_ff:lpm_ff_component|dffs[10] ; CLK      ;
; N/A           ; None        ; -5.412 ns ; D[3]   ; lpm_ff0:inst2|lpm_ff:lpm_ff_component|dffs[5]  ; CLK      ;
; N/A           ; None        ; -5.422 ns ; D[0]   ; lpm_ff0:inst2|lpm_ff:lpm_ff_component|dffs[4]  ; CLK      ;
; N/A           ; None        ; -5.423 ns ; D[8]   ; lpm_ff0:inst2|lpm_ff:lpm_ff_component|dffs[10] ; CLK      ;
; N/A           ; None        ; -5.428 ns ; D[10]  ; lpm_ff0:inst2|lpm_ff:lpm_ff_component|dffs[15] ; CLK      ;
; N/A           ; None        ; -5.431 ns ; D[5]   ; lpm_ff0:inst2|lpm_ff:lpm_ff_component|dffs[9]  ; CLK      ;
; N/A           ; None        ; -5.431 ns ; D[13]  ; lpm_ff0:inst2|lpm_ff:lpm_ff_component|dffs[13] ; CLK      ;
; N/A           ; None        ; -5.446 ns ; D[6]   ; lpm_ff0:inst2|lpm_ff:lpm_ff_component|dffs[10] ; CLK      ;
; N/A           ; None        ; -5.452 ns ; D[11]  ; lpm_ff0:inst2|lpm_ff:lpm_ff_component|dffs[14] ; CLK      ;
; N/A           ; None        ; -5.453 ns ; D[4]   ; lpm_ff0:inst2|lpm_ff:lpm_ff_component|dffs[8]  ; CLK      ;
; N/A           ; None        ; -5.470 ns ; D[2]   ; lpm_ff0:inst2|lpm_ff:lpm_ff_component|dffs[5]  ; CLK      ;
; N/A           ; None        ; -5.482 ns ; D[7]   ; lpm_ff0:inst2|lpm_ff:lpm_ff_component|dffs[11] ; CLK      ;
; N/A           ; None        ; -5.492 ns ; D[3]   ; lpm_ff0:inst2|lpm_ff:lpm_ff_component|dffs[6]  ; CLK      ;
; N/A           ; None        ; -5.502 ns ; D[0]   ; lpm_ff0:inst2|lpm_ff:lpm_ff_component|dffs[5]  ; CLK      ;
; N/A           ; None        ; -5.503 ns ; D[8]   ; lpm_ff0:inst2|lpm_ff:lpm_ff_component|dffs[11] ; CLK      ;
; N/A           ; None        ; -5.506 ns ; D[1]   ; lpm_ff0:inst2|lpm_ff:lpm_ff_component|dffs[9]  ; CLK      ;
; N/A           ; None        ; -5.511 ns ; D[5]   ; lpm_ff0:inst2|lpm_ff:lpm_ff_component|dffs[10] ; CLK      ;
; N/A           ; None        ; -5.526 ns ; D[6]   ; lpm_ff0:inst2|lpm_ff:lpm_ff_component|dffs[11] ; CLK      ;
; N/A           ; None        ; -5.532 ns ; D[11]  ; lpm_ff0:inst2|lpm_ff:lpm_ff_component|dffs[15] ; CLK      ;
; N/A           ; None        ; -5.550 ns ; D[2]   ; lpm_ff0:inst2|lpm_ff:lpm_ff_component|dffs[6]  ; CLK      ;
; N/A           ; None        ; -5.560 ns ; D[9]   ; lpm_ff0:inst2|lpm_ff:lpm_ff_component|dffs[10] ; CLK      ;
; N/A           ; None        ; -5.562 ns ; D[7]   ; lpm_ff0:inst2|lpm_ff:lpm_ff_component|dffs[12] ; CLK      ;
; N/A           ; None        ; -5.572 ns ; D[3]   ; lpm_ff0:inst2|lpm_ff:lpm_ff_component|dffs[7]  ; CLK      ;
; N/A           ; None        ; -5.582 ns ; D[0]   ; lpm_ff0:inst2|lpm_ff:lpm_ff_component|dffs[6]  ; CLK      ;
; N/A           ; None        ; -5.583 ns ; D[8]   ; lpm_ff0:inst2|lpm_ff:lpm_ff_component|dffs[12] ; CLK      ;
; N/A           ; None        ; -5.586 ns ; D[1]   ; lpm_ff0:inst2|lpm_ff:lpm_ff_component|dffs[10] ; CLK      ;
; N/A           ; None        ; -5.591 ns ; D[5]   ; lpm_ff0:inst2|lpm_ff:lpm_ff_component|dffs[11] ; CLK      ;
; N/A           ; None        ; -5.606 ns ; D[6]   ; lpm_ff0:inst2|lpm_ff:lpm_ff_component|dffs[12] ; CLK      ;
; N/A           ; None        ; -5.627 ns ; D[4]   ; lpm_ff0:inst2|lpm_ff:lpm_ff_component|dffs[9]  ; CLK      ;
; N/A           ; None        ; -5.630 ns ; D[2]   ; lpm_ff0:inst2|lpm_ff:lpm_ff_component|dffs[7]  ; CLK      ;
; N/A           ; None        ; -5.640 ns ; D[9]   ; lpm_ff0:inst2|lpm_ff:lpm_ff_component|dffs[11] ; CLK      ;
; N/A           ; None        ; -5.642 ns ; D[7]   ; lpm_ff0:inst2|lpm_ff:lpm_ff_component|dffs[13] ; CLK      ;
; N/A           ; None        ; -5.652 ns ; D[3]   ; lpm_ff0:inst2|lpm_ff:lpm_ff_component|dffs[8]  ; CLK      ;
; N/A           ; None        ; -5.662 ns ; D[0]   ; lpm_ff0:inst2|lpm_ff:lpm_ff_component|dffs[7]  ; CLK      ;
; N/A           ; None        ; -5.663 ns ; D[8]   ; lpm_ff0:inst2|lpm_ff:lpm_ff_component|dffs[13] ; CLK      ;
; N/A           ; None        ; -5.666 ns ; D[1]   ; lpm_ff0:inst2|lpm_ff:lpm_ff_component|dffs[11] ; CLK      ;
; N/A           ; None        ; -5.671 ns ; D[5]   ; lpm_ff0:inst2|lpm_ff:lpm_ff_component|dffs[12] ; CLK      ;
; N/A           ; None        ; -5.686 ns ; D[6]   ; lpm_ff0:inst2|lpm_ff:lpm_ff_component|dffs[13] ; CLK      ;
; N/A           ; None        ; -5.707 ns ; D[4]   ; lpm_ff0:inst2|lpm_ff:lpm_ff_component|dffs[10] ; CLK      ;
; N/A           ; None        ; -5.710 ns ; D[2]   ; lpm_ff0:inst2|lpm_ff:lpm_ff_component|dffs[8]  ; CLK      ;
; N/A           ; None        ; -5.720 ns ; D[9]   ; lpm_ff0:inst2|lpm_ff:lpm_ff_component|dffs[12] ; CLK      ;
; N/A           ; None        ; -5.722 ns ; D[7]   ; lpm_ff0:inst2|lpm_ff:lpm_ff_component|dffs[14] ; CLK      ;
; N/A           ; None        ; -5.742 ns ; D[0]   ; lpm_ff0:inst2|lpm_ff:lpm_ff_component|dffs[8]  ; CLK      ;
; N/A           ; None        ; -5.743 ns ; D[8]   ; lpm_ff0:inst2|lpm_ff:lpm_ff_component|dffs[14] ; CLK      ;
; N/A           ; None        ; -5.746 ns ; D[1]   ; lpm_ff0:inst2|lpm_ff:lpm_ff_component|dffs[12] ; CLK      ;
; N/A           ; None        ; -5.751 ns ; D[5]   ; lpm_ff0:inst2|lpm_ff:lpm_ff_component|dffs[13] ; CLK      ;
; N/A           ; None        ; -5.766 ns ; D[6]   ; lpm_ff0:inst2|lpm_ff:lpm_ff_component|dffs[14] ; CLK      ;
; N/A           ; None        ; -5.787 ns ; D[4]   ; lpm_ff0:inst2|lpm_ff:lpm_ff_component|dffs[11] ; CLK      ;
; N/A           ; None        ; -5.800 ns ; D[9]   ; lpm_ff0:inst2|lpm_ff:lpm_ff_component|dffs[13] ; CLK      ;
; N/A           ; None        ; -5.802 ns ; D[7]   ; lpm_ff0:inst2|lpm_ff:lpm_ff_component|dffs[15] ; CLK      ;
; N/A           ; None        ; -5.823 ns ; D[8]   ; lpm_ff0:inst2|lpm_ff:lpm_ff_component|dffs[15] ; CLK      ;
; N/A           ; None        ; -5.826 ns ; D[1]   ; lpm_ff0:inst2|lpm_ff:lpm_ff_component|dffs[13] ; CLK      ;
; N/A           ; None        ; -5.826 ns ; D[3]   ; lpm_ff0:inst2|lpm_ff:lpm_ff_component|dffs[9]  ; CLK      ;
; N/A           ; None        ; -5.831 ns ; D[5]   ; lpm_ff0:inst2|lpm_ff:lpm_ff_component|dffs[14] ; CLK      ;
; N/A           ; None        ; -5.846 ns ; D[6]   ; lpm_ff0:inst2|lpm_ff:lpm_ff_component|dffs[15] ; CLK      ;
; N/A           ; None        ; -5.864 ns ; D[13]  ; lpm_ff0:inst2|lpm_ff:lpm_ff_component|dffs[14] ; CLK      ;
; N/A           ; None        ; -5.867 ns ; D[4]   ; lpm_ff0:inst2|lpm_ff:lpm_ff_component|dffs[12] ; CLK      ;
; N/A           ; None        ; -5.880 ns ; D[9]   ; lpm_ff0:inst2|lpm_ff:lpm_ff_component|dffs[14] ; CLK      ;
; N/A           ; None        ; -5.884 ns ; D[2]   ; lpm_ff0:inst2|lpm_ff:lpm_ff_component|dffs[9]  ; CLK      ;
; N/A           ; None        ; -5.906 ns ; D[1]   ; lpm_ff0:inst2|lpm_ff:lpm_ff_component|dffs[14] ; CLK      ;
; N/A           ; None        ; -5.906 ns ; D[3]   ; lpm_ff0:inst2|lpm_ff:lpm_ff_component|dffs[10] ; CLK      ;
; N/A           ; None        ; -5.911 ns ; D[5]   ; lpm_ff0:inst2|lpm_ff:lpm_ff_component|dffs[15] ; CLK      ;
; N/A           ; None        ; -5.916 ns ; D[0]   ; lpm_ff0:inst2|lpm_ff:lpm_ff_component|dffs[9]  ; CLK      ;
; N/A           ; None        ; -5.944 ns ; D[13]  ; lpm_ff0:inst2|lpm_ff:lpm_ff_component|dffs[15] ; CLK      ;
; N/A           ; None        ; -5.947 ns ; D[4]   ; lpm_ff0:inst2|lpm_ff:lpm_ff_component|dffs[13] ; CLK      ;
; N/A           ; None        ; -5.960 ns ; D[9]   ; lpm_ff0:inst2|lpm_ff:lpm_ff_component|dffs[15] ; CLK      ;
; N/A           ; None        ; -5.964 ns ; D[2]   ; lpm_ff0:inst2|lpm_ff:lpm_ff_component|dffs[10] ; CLK      ;
; N/A           ; None        ; -5.986 ns ; D[1]   ; lpm_ff0:inst2|lpm_ff:lpm_ff_component|dffs[15] ; CLK      ;
; N/A           ; None        ; -5.986 ns ; D[3]   ; lpm_ff0:inst2|lpm_ff:lpm_ff_component|dffs[11] ; CLK      ;
; N/A           ; None        ; -5.996 ns ; D[0]   ; lpm_ff0:inst2|lpm_ff:lpm_ff_component|dffs[10] ; CLK      ;
; N/A           ; None        ; -6.027 ns ; D[4]   ; lpm_ff0:inst2|lpm_ff:lpm_ff_component|dffs[14] ; CLK      ;
; N/A           ; None        ; -6.044 ns ; D[2]   ; lpm_ff0:inst2|lpm_ff:lpm_ff_component|dffs[11] ; CLK      ;
; N/A           ; None        ; -6.066 ns ; D[3]   ; lpm_ff0:inst2|lpm_ff:lpm_ff_component|dffs[12] ; CLK      ;
; N/A           ; None        ; -6.076 ns ; D[0]   ; lpm_ff0:inst2|lpm_ff:lpm_ff_component|dffs[11] ; CLK      ;
; N/A           ; None        ; -6.107 ns ; D[4]   ; lpm_ff0:inst2|lpm_ff:lpm_ff_component|dffs[15] ; CLK      ;
; N/A           ; None        ; -6.124 ns ; D[2]   ; lpm_ff0:inst2|lpm_ff:lpm_ff_component|dffs[12] ; CLK      ;
; N/A           ; None        ; -6.146 ns ; D[3]   ; lpm_ff0:inst2|lpm_ff:lpm_ff_component|dffs[13] ; CLK      ;
; N/A           ; None        ; -6.156 ns ; D[0]   ; lpm_ff0:inst2|lpm_ff:lpm_ff_component|dffs[12] ; CLK      ;
; N/A           ; None        ; -6.204 ns ; D[2]   ; lpm_ff0:inst2|lpm_ff:lpm_ff_component|dffs[13] ; CLK      ;
; N/A           ; None        ; -6.226 ns ; D[3]   ; lpm_ff0:inst2|lpm_ff:lpm_ff_component|dffs[14] ; CLK      ;
; N/A           ; None        ; -6.236 ns ; D[0]   ; lpm_ff0:inst2|lpm_ff:lpm_ff_component|dffs[13] ; CLK      ;
; N/A           ; None        ; -6.284 ns ; D[2]   ; lpm_ff0:inst2|lpm_ff:lpm_ff_component|dffs[14] ; CLK      ;
; N/A           ; None        ; -6.306 ns ; D[3]   ; lpm_ff0:inst2|lpm_ff:lpm_ff_component|dffs[15] ; CLK      ;
; N/A           ; None        ; -6.316 ns ; D[0]   ; lpm_ff0:inst2|lpm_ff:lpm_ff_component|dffs[14] ; CLK      ;
; N/A           ; None        ; -6.364 ns ; D[2]   ; lpm_ff0:inst2|lpm_ff:lpm_ff_component|dffs[15] ; CLK      ;
; N/A           ; None        ; -6.396 ns ; D[0]   ; lpm_ff0:inst2|lpm_ff:lpm_ff_component|dffs[15] ; CLK      ;
+---------------+-------------+-----------+--------+------------------------------------------------+----------+


+--------------------------+
; Timing Analyzer Messages ;
+--------------------------+
Info: *******************************************************************
Info: Running Quartus II Classic Timing Analyzer
    Info: Version 9.0 Build 184 04/29/2009 Service Pack 1 SJ Web Edition
    Info: Processing started: Thu Sep 14 11:40:36 2017
Info: Command: quartus_tan --read_settings_files=off --write_settings_files=off lab2 -c lab2 --timing_analysis_only
Warning: Found pins functioning as undefined clocks and/or memory enables
    Info: Assuming node "CLK" is an undefined clock
Info: Clock "CLK" has Internal fmax of 269.4 MHz between source register "lpm_ff0:inst2|lpm_ff:lpm_ff_component|dffs[3]" and destination register "lpm_ff0:inst2|lpm_ff:lpm_ff_component|dffs[15]" (period= 3.712 ns)
    Info: + Longest register to register delay is 3.473 ns
        Info: 1: + IC(0.000 ns) + CELL(0.000 ns) = 0.000 ns; Loc. = LCFF_X45_Y8_N5; Fanout = 1; REG Node = 'lpm_ff0:inst2|lpm_ff:lpm_ff_component|dffs[3]'
        Info: 2: + IC(0.589 ns) + CELL(0.322 ns) = 0.911 ns; Loc. = LCCOMB_X46_Y8_N0; Fanout = 3; COMB Node = 'lpm_mux0:inst|lpm_mux:lpm_mux_component|mux_m4e:auto_generated|result_node[3]~44'
        Info: 3: + IC(0.539 ns) + CELL(0.495 ns) = 1.945 ns; Loc. = LCCOMB_X45_Y8_N4; Fanout = 2; COMB Node = 'lpm_ff0:inst2|lpm_ff:lpm_ff_component|dffs[3]~21'
        Info: 4: + IC(0.000 ns) + CELL(0.080 ns) = 2.025 ns; Loc. = LCCOMB_X45_Y8_N6; Fanout = 2; COMB Node = 'lpm_ff0:inst2|lpm_ff:lpm_ff_component|dffs[4]~23'
        Info: 5: + IC(0.000 ns) + CELL(0.080 ns) = 2.105 ns; Loc. = LCCOMB_X45_Y8_N8; Fanout = 2; COMB Node = 'lpm_ff0:inst2|lpm_ff:lpm_ff_component|dffs[5]~25'
        Info: 6: + IC(0.000 ns) + CELL(0.080 ns) = 2.185 ns; Loc. = LCCOMB_X45_Y8_N10; Fanout = 2; COMB Node = 'lpm_ff0:inst2|lpm_ff:lpm_ff_component|dffs[6]~27'
        Info: 7: + IC(0.000 ns) + CELL(0.080 ns) = 2.265 ns; Loc. = LCCOMB_X45_Y8_N12; Fanout = 2; COMB Node = 'lpm_ff0:inst2|lpm_ff:lpm_ff_component|dffs[7]~29'
        Info: 8: + IC(0.000 ns) + CELL(0.174 ns) = 2.439 ns; Loc. = LCCOMB_X45_Y8_N14; Fanout = 2; COMB Node = 'lpm_ff0:inst2|lpm_ff:lpm_ff_component|dffs[8]~31'
        Info: 9: + IC(0.000 ns) + CELL(0.080 ns) = 2.519 ns; Loc. = LCCOMB_X45_Y8_N16; Fanout = 2; COMB Node = 'lpm_ff0:inst2|lpm_ff:lpm_ff_component|dffs[9]~33'
        Info: 10: + IC(0.000 ns) + CELL(0.080 ns) = 2.599 ns; Loc. = LCCOMB_X45_Y8_N18; Fanout = 2; COMB Node = 'lpm_ff0:inst2|lpm_ff:lpm_ff_component|dffs[10]~35'
        Info: 11: + IC(0.000 ns) + CELL(0.080 ns) = 2.679 ns; Loc. = LCCOMB_X45_Y8_N20; Fanout = 2; COMB Node = 'lpm_ff0:inst2|lpm_ff:lpm_ff_component|dffs[11]~37'
        Info: 12: + IC(0.000 ns) + CELL(0.080 ns) = 2.759 ns; Loc. = LCCOMB_X45_Y8_N22; Fanout = 2; COMB Node = 'lpm_ff0:inst2|lpm_ff:lpm_ff_component|dffs[12]~39'
        Info: 13: + IC(0.000 ns) + CELL(0.080 ns) = 2.839 ns; Loc. = LCCOMB_X45_Y8_N24; Fanout = 2; COMB Node = 'lpm_ff0:inst2|lpm_ff:lpm_ff_component|dffs[13]~41'
        Info: 14: + IC(0.000 ns) + CELL(0.080 ns) = 2.919 ns; Loc. = LCCOMB_X45_Y8_N26; Fanout = 1; COMB Node = 'lpm_ff0:inst2|lpm_ff:lpm_ff_component|dffs[14]~43'
        Info: 15: + IC(0.000 ns) + CELL(0.458 ns) = 3.377 ns; Loc. = LCCOMB_X45_Y8_N28; Fanout = 1; COMB Node = 'lpm_ff0:inst2|lpm_ff:lpm_ff_component|dffs[15]~44'
        Info: 16: + IC(0.000 ns) + CELL(0.096 ns) = 3.473 ns; Loc. = LCFF_X45_Y8_N29; Fanout = 1; REG Node = 'lpm_ff0:inst2|lpm_ff:lpm_ff_component|dffs[15]'
        Info: Total cell delay = 2.345 ns ( 67.52 % )
        Info: Total interconnect delay = 1.128 ns ( 32.48 % )
    Info: - Smallest clock skew is 0.000 ns
        Info: + Shortest clock path from clock "CLK" to destination register is 2.852 ns
            Info: 1: + IC(0.000 ns) + CELL(1.026 ns) = 1.026 ns; Loc. = PIN_M1; Fanout = 1; CLK Node = 'CLK'
            Info: 2: + IC(0.238 ns) + CELL(0.000 ns) = 1.264 ns; Loc. = CLKCTRL_G3; Fanout = 16; COMB Node = 'CLK~clkctrl'
            Info: 3: + IC(0.986 ns) + CELL(0.602 ns) = 2.852 ns; Loc. = LCFF_X45_Y8_N29; Fanout = 1; REG Node = 'lpm_ff0:inst2|lpm_ff:lpm_ff_component|dffs[15]'
            Info: Total cell delay = 1.628 ns ( 57.08 % )
            Info: Total interconnect delay = 1.224 ns ( 42.92 % )
        Info: - Longest clock path from clock "CLK" to source register is 2.852 ns
            Info: 1: + IC(0.000 ns) + CELL(1.026 ns) = 1.026 ns; Loc. = PIN_M1; Fanout = 1; CLK Node = 'CLK'
            Info: 2: + IC(0.238 ns) + CELL(0.000 ns) = 1.264 ns; Loc. = CLKCTRL_G3; Fanout = 16; COMB Node = 'CLK~clkctrl'
            Info: 3: + IC(0.986 ns) + CELL(0.602 ns) = 2.852 ns; Loc. = LCFF_X45_Y8_N5; Fanout = 1; REG Node = 'lpm_ff0:inst2|lpm_ff:lpm_ff_component|dffs[3]'
            Info: Total cell delay = 1.628 ns ( 57.08 % )
            Info: Total interconnect delay = 1.224 ns ( 42.92 % )
    Info: + Micro clock to output delay of source is 0.277 ns
    Info: + Micro setup delay of destination is -0.038 ns
Info: tsu for register "lpm_ff0:inst2|lpm_ff:lpm_ff_component|dffs[15]" (data pin = "LD/CNT", clock pin = "CLK") is 6.941 ns
    Info: + Longest pin to register delay is 9.831 ns
        Info: 1: + IC(0.000 ns) + CELL(0.864 ns) = 0.864 ns; Loc. = PIN_N21; Fanout = 16; PIN Node = 'LD/CNT'
        Info: 2: + IC(5.651 ns) + CELL(0.545 ns) = 7.060 ns; Loc. = LCCOMB_X46_Y8_N6; Fanout = 4; COMB Node = 'lpm_mux0:inst|lpm_mux:lpm_mux_component|mux_m4e:auto_generated|result_node[0]~47'
        Info: 3: + IC(0.566 ns) + CELL(0.517 ns) = 8.143 ns; Loc. = LCCOMB_X45_Y8_N0; Fanout = 2; COMB Node = 'lpm_ff0:inst2|lpm_ff:lpm_ff_component|dffs[1]~17'
        Info: 4: + IC(0.000 ns) + CELL(0.080 ns) = 8.223 ns; Loc. = LCCOMB_X45_Y8_N2; Fanout = 2; COMB Node = 'lpm_ff0:inst2|lpm_ff:lpm_ff_component|dffs[2]~19'
        Info: 5: + IC(0.000 ns) + CELL(0.080 ns) = 8.303 ns; Loc. = LCCOMB_X45_Y8_N4; Fanout = 2; COMB Node = 'lpm_ff0:inst2|lpm_ff:lpm_ff_component|dffs[3]~21'
        Info: 6: + IC(0.000 ns) + CELL(0.080 ns) = 8.383 ns; Loc. = LCCOMB_X45_Y8_N6; Fanout = 2; COMB Node = 'lpm_ff0:inst2|lpm_ff:lpm_ff_component|dffs[4]~23'
        Info: 7: + IC(0.000 ns) + CELL(0.080 ns) = 8.463 ns; Loc. = LCCOMB_X45_Y8_N8; Fanout = 2; COMB Node = 'lpm_ff0:inst2|lpm_ff:lpm_ff_component|dffs[5]~25'
        Info: 8: + IC(0.000 ns) + CELL(0.080 ns) = 8.543 ns; Loc. = LCCOMB_X45_Y8_N10; Fanout = 2; COMB Node = 'lpm_ff0:inst2|lpm_ff:lpm_ff_component|dffs[6]~27'
        Info: 9: + IC(0.000 ns) + CELL(0.080 ns) = 8.623 ns; Loc. = LCCOMB_X45_Y8_N12; Fanout = 2; COMB Node = 'lpm_ff0:inst2|lpm_ff:lpm_ff_component|dffs[7]~29'
        Info: 10: + IC(0.000 ns) + CELL(0.174 ns) = 8.797 ns; Loc. = LCCOMB_X45_Y8_N14; Fanout = 2; COMB Node = 'lpm_ff0:inst2|lpm_ff:lpm_ff_component|dffs[8]~31'
        Info: 11: + IC(0.000 ns) + CELL(0.080 ns) = 8.877 ns; Loc. = LCCOMB_X45_Y8_N16; Fanout = 2; COMB Node = 'lpm_ff0:inst2|lpm_ff:lpm_ff_component|dffs[9]~33'
        Info: 12: + IC(0.000 ns) + CELL(0.080 ns) = 8.957 ns; Loc. = LCCOMB_X45_Y8_N18; Fanout = 2; COMB Node = 'lpm_ff0:inst2|lpm_ff:lpm_ff_component|dffs[10]~35'
        Info: 13: + IC(0.000 ns) + CELL(0.080 ns) = 9.037 ns; Loc. = LCCOMB_X45_Y8_N20; Fanout = 2; COMB Node = 'lpm_ff0:inst2|lpm_ff:lpm_ff_component|dffs[11]~37'
        Info: 14: + IC(0.000 ns) + CELL(0.080 ns) = 9.117 ns; Loc. = LCCOMB_X45_Y8_N22; Fanout = 2; COMB Node = 'lpm_ff0:inst2|lpm_ff:lpm_ff_component|dffs[12]~39'
        Info: 15: + IC(0.000 ns) + CELL(0.080 ns) = 9.197 ns; Loc. = LCCOMB_X45_Y8_N24; Fanout = 2; COMB Node = 'lpm_ff0:inst2|lpm_ff:lpm_ff_component|dffs[13]~41'
        Info: 16: + IC(0.000 ns) + CELL(0.080 ns) = 9.277 ns; Loc. = LCCOMB_X45_Y8_N26; Fanout = 1; COMB Node = 'lpm_ff0:inst2|lpm_ff:lpm_ff_component|dffs[14]~43'
        Info: 17: + IC(0.000 ns) + CELL(0.458 ns) = 9.735 ns; Loc. = LCCOMB_X45_Y8_N28; Fanout = 1; COMB Node = 'lpm_ff0:inst2|lpm_ff:lpm_ff_component|dffs[15]~44'
        Info: 18: + IC(0.000 ns) + CELL(0.096 ns) = 9.831 ns; Loc. = LCFF_X45_Y8_N29; Fanout = 1; REG Node = 'lpm_ff0:inst2|lpm_ff:lpm_ff_component|dffs[15]'
        Info: Total cell delay = 3.614 ns ( 36.76 % )
        Info: Total interconnect delay = 6.217 ns ( 63.24 % )
    Info: + Micro setup delay of destination is -0.038 ns
    Info: - Shortest clock path from clock "CLK" to destination register is 2.852 ns
        Info: 1: + IC(0.000 ns) + CELL(1.026 ns) = 1.026 ns; Loc. = PIN_M1; Fanout = 1; CLK Node = 'CLK'
        Info: 2: + IC(0.238 ns) + CELL(0.000 ns) = 1.264 ns; Loc. = CLKCTRL_G3; Fanout = 16; COMB Node = 'CLK~clkctrl'
        Info: 3: + IC(0.986 ns) + CELL(0.602 ns) = 2.852 ns; Loc. = LCFF_X45_Y8_N29; Fanout = 1; REG Node = 'lpm_ff0:inst2|lpm_ff:lpm_ff_component|dffs[15]'
        Info: Total cell delay = 1.628 ns ( 57.08 % )
        Info: Total interconnect delay = 1.224 ns ( 42.92 % )
Info: tco from clock "CLK" to destination pin "q[11]" through register "lpm_ff0:inst2|lpm_ff:lpm_ff_component|dffs[11]" is 11.709 ns
    Info: + Longest clock path from clock "CLK" to source register is 2.852 ns
        Info: 1: + IC(0.000 ns) + CELL(1.026 ns) = 1.026 ns; Loc. = PIN_M1; Fanout = 1; CLK Node = 'CLK'
        Info: 2: + IC(0.238 ns) + CELL(0.000 ns) = 1.264 ns; Loc. = CLKCTRL_G3; Fanout = 16; COMB Node = 'CLK~clkctrl'
        Info: 3: + IC(0.986 ns) + CELL(0.602 ns) = 2.852 ns; Loc. = LCFF_X45_Y8_N21; Fanout = 1; REG Node = 'lpm_ff0:inst2|lpm_ff:lpm_ff_component|dffs[11]'
        Info: Total cell delay = 1.628 ns ( 57.08 % )
        Info: Total interconnect delay = 1.224 ns ( 42.92 % )
    Info: + Micro clock to output delay of source is 0.277 ns
    Info: + Longest register to pin delay is 8.580 ns
        Info: 1: + IC(0.000 ns) + CELL(0.000 ns) = 0.000 ns; Loc. = LCFF_X45_Y8_N21; Fanout = 1; REG Node = 'lpm_ff0:inst2|lpm_ff:lpm_ff_component|dffs[11]'
        Info: 2: + IC(0.590 ns) + CELL(0.319 ns) = 0.909 ns; Loc. = LCCOMB_X46_Y8_N8; Fanout = 3; COMB Node = 'lpm_mux0:inst|lpm_mux:lpm_mux_component|mux_m4e:auto_generated|result_node[11]~36'
        Info: 3: + IC(4.851 ns) + CELL(2.820 ns) = 8.580 ns; Loc. = PIN_P5; Fanout = 0; PIN Node = 'q[11]'
        Info: Total cell delay = 3.139 ns ( 36.59 % )
        Info: Total interconnect delay = 5.441 ns ( 63.41 % )
Info: Longest tpd from source pin "LD/CNT" to destination pin "q[11]" is 14.701 ns
    Info: 1: + IC(0.000 ns) + CELL(0.864 ns) = 0.864 ns; Loc. = PIN_N21; Fanout = 16; PIN Node = 'LD/CNT'
    Info: 2: + IC(5.653 ns) + CELL(0.513 ns) = 7.030 ns; Loc. = LCCOMB_X46_Y8_N8; Fanout = 3; COMB Node = 'lpm_mux0:inst|lpm_mux:lpm_mux_component|mux_m4e:auto_generated|result_node[11]~36'
    Info: 3: + IC(4.851 ns) + CELL(2.820 ns) = 14.701 ns; Loc. = PIN_P5; Fanout = 0; PIN Node = 'q[11]'
    Info: Total cell delay = 4.197 ns ( 28.55 % )
    Info: Total interconnect delay = 10.504 ns ( 71.45 % )
Info: th for register "lpm_ff0:inst2|lpm_ff:lpm_ff_component|dffs[0]" (data pin = "D[0]", clock pin = "CLK") is -4.204 ns
    Info: + Longest clock path from clock "CLK" to destination register is 2.853 ns
        Info: 1: + IC(0.000 ns) + CELL(1.026 ns) = 1.026 ns; Loc. = PIN_M1; Fanout = 1; CLK Node = 'CLK'
        Info: 2: + IC(0.238 ns) + CELL(0.000 ns) = 1.264 ns; Loc. = CLKCTRL_G3; Fanout = 16; COMB Node = 'CLK~clkctrl'
        Info: 3: + IC(0.987 ns) + CELL(0.602 ns) = 2.853 ns; Loc. = LCFF_X46_Y8_N13; Fanout = 1; REG Node = 'lpm_ff0:inst2|lpm_ff:lpm_ff_component|dffs[0]'
        Info: Total cell delay = 1.628 ns ( 57.06 % )
        Info: Total interconnect delay = 1.225 ns ( 42.94 % )
    Info: + Micro hold delay of destination is 0.286 ns
    Info: - Shortest pin to register delay is 7.343 ns
        Info: 1: + IC(0.000 ns) + CELL(0.843 ns) = 0.843 ns; Loc. = PIN_W16; Fanout = 1; PIN Node = 'D[0]'
        Info: 2: + IC(5.601 ns) + CELL(0.319 ns) = 6.763 ns; Loc. = LCCOMB_X46_Y8_N6; Fanout = 4; COMB Node = 'lpm_mux0:inst|lpm_mux:lpm_mux_component|mux_m4e:auto_generated|result_node[0]~47'
        Info: 3: + IC(0.307 ns) + CELL(0.177 ns) = 7.247 ns; Loc. = LCCOMB_X46_Y8_N12; Fanout = 1; COMB Node = 'lpm_ff0:inst2|lpm_ff:lpm_ff_component|dffs[0]~46'
        Info: 4: + IC(0.000 ns) + CELL(0.096 ns) = 7.343 ns; Loc. = LCFF_X46_Y8_N13; Fanout = 1; REG Node = 'lpm_ff0:inst2|lpm_ff:lpm_ff_component|dffs[0]'
        Info: Total cell delay = 1.435 ns ( 19.54 % )
        Info: Total interconnect delay = 5.908 ns ( 80.46 % )
Info: Quartus II Classic Timing Analyzer was successful. 0 errors, 1 warning
    Info: Peak virtual memory: 189 megabytes
    Info: Processing ended: Thu Sep 14 11:40:36 2017
    Info: Elapsed time: 00:00:00
    Info: Total CPU time (on all processors): 00:00:00


